SERVICES variable is ignored if EAGER_SERVICE_LOADING=0.
2022-12-22T16:33:31.764  WARN --- [  MainThread] localstack.deprecations    : DEFAULT_REGION is deprecated (since 0.12.7) and will be removed in upcoming releases of LocalStack! LocalStack now has full multi-region support. Please remove this environment variable.
2022-12-22T16:33:44.879  WARN --- [-functhread5] hypercorn.error            : ASGI Framework Lifespan error, continuing without Lifespan support
2022-12-22T16:33:44.879  WARN --- [-functhread5] hypercorn.error            : ASGI Framework Lifespan error, continuing without Lifespan support
2022-12-22T16:33:45.049  INFO --- [-functhread5] hypercorn.error            : Running on https://0.0.0.0:4566 (CTRL + C to quit)
2022-12-22T16:33:45.049  INFO --- [-functhread5] hypercorn.error            : Running on https://0.0.0.0:4566 (CTRL + C to quit)
2022-12-22T16:33:45.227  INFO --- [  MainThread] localstack.utils.bootstrap : Execution of "start_runtime_components" took 3054.73ms
2022-12-22T16:34:10.959  INFO --- [   asgi_gw_0] localstack.request.http    : GET / => 200
2022-12-22T16:34:41.210  INFO --- [   asgi_gw_0] localstack.request.http    : GET / => 200
2022-12-22T16:35:11.364  INFO --- [   asgi_gw_0] localstack.request.http    : GET / => 200
2022-12-22T16:35:41.707  INFO --- [   asgi_gw_0] localstack.request.http    : GET / => 200
2022-12-22T16:36:11.921  INFO --- [   asgi_gw_0] localstack.request.http    : GET / => 200
2022-12-22T16:36:42.286  INFO --- [   asgi_gw_0] localstack.request.http    : GET / => 200
2022-12-22T16:37:12.936  INFO --- [   asgi_gw_0] localstack.request.http    : GET / => 200
2022-12-22T16:37:43.143  INFO --- [   asgi_gw_0] localstack.request.http    : GET / => 200
2022-12-22T16:38:13.394  INFO --- [   asgi_gw_0] localstack.request.http    : GET / => 200
2022-12-22T16:38:43.978  INFO --- [   asgi_gw_0] localstack.request.http    : GET / => 200
2022-12-22T16:39:14.632  INFO --- [   asgi_gw_0] localstack.request.http    : GET / => 200
2022-12-22T16:39:45.403  INFO --- [   asgi_gw_0] localstack.request.http    : GET / => 200
2022-12-22T16:40:16.743  INFO --- [   asgi_gw_0] localstack.request.http    : GET / => 200
2022-12-22T16:40:47.199  INFO --- [   asgi_gw_0] localstack.request.http    : GET / => 200
2022-12-22T16:41:17.420  INFO --- [   asgi_gw_0] localstack.request.http    : GET / => 200
2022-12-22T16:41:47.635  INFO --- [   asgi_gw_0] localstack.request.http    : GET / => 200
2022-12-22T16:42:17.932  INFO --- [   asgi_gw_0] localstack.request.http    : GET / => 200
2022-12-22T16:42:48.138  INFO --- [   asgi_gw_0] localstack.request.http    : GET / => 200
2022-12-22T16:43:18.498  INFO --- [   asgi_gw_0] localstack.request.http    : GET / => 200
2022-12-22T16:43:48.819  INFO --- [   asgi_gw_0] localstack.request.http    : GET / => 200
2022-12-22T16:44:19.066  INFO --- [   asgi_gw_0] localstack.request.http    : GET / => 200
2022-12-22T16:44:49.261  INFO --- [   asgi_gw_0] localstack.request.http    : GET / => 200
2022-12-22T16:45:19.407  INFO --- [   asgi_gw_0] localstack.request.http    : GET / => 200
2022-12-22T16:45:49.939  INFO --- [   asgi_gw_0] localstack.request.http    : GET / => 200
2022-12-22T16:46:20.264  INFO --- [   asgi_gw_0] localstack.request.http    : GET / => 200
2022-12-22T16:46:50.541  INFO --- [   asgi_gw_0] localstack.request.http    : GET / => 200
2022-12-22T16:47:20.873  INFO --- [   asgi_gw_0] localstack.request.http    : GET / => 200
2022-12-22T16:47:51.029  INFO --- [   asgi_gw_0] localstack.request.http    : GET / => 200
2022-12-22T16:48:21.253  INFO --- [   asgi_gw_0] localstack.request.http    : GET / => 200
2022-12-22T16:48:51.667  INFO --- [   asgi_gw_0] localstack.request.http    : GET / => 200
2022-12-22T16:49:21.989  INFO --- [   asgi_gw_0] localstack.request.http    : GET / => 200
2022-12-22T16:49:52.161  INFO --- [   asgi_gw_0] localstack.request.http    : GET / => 200
2022-12-22T16:50:22.481  INFO --- [   asgi_gw_0] localstack.request.http    : GET / => 200
2022-12-22T16:50:52.811  INFO --- [   asgi_gw_0] localstack.request.http    : GET / => 200
2022-12-22T16:51:23.242  INFO --- [   asgi_gw_0] localstack.request.http    : GET / => 200
2022-12-22T16:51:53.479  INFO --- [   asgi_gw_0] localstack.request.http    : GET / => 200
2022-12-22T16:52:23.859  INFO --- [   asgi_gw_0] localstack.request.http    : GET / => 200
2022-12-22T16:52:54.215  INFO --- [   asgi_gw_0] localstack.request.http    : GET / => 200
2022-12-22T16:53:24.337  INFO --- [   asgi_gw_0] localstack.request.http    : GET / => 200
2022-12-22T16:53:54.606  INFO --- [   asgi_gw_0] localstack.request.http    : GET / => 200
2022-12-22T16:54:24.791  INFO --- [   asgi_gw_0] localstack.request.http    : GET / => 200
2022-12-22T16:54:55.115  INFO --- [   asgi_gw_0] localstack.request.http    : GET / => 200
2022-12-22T16:55:25.434  INFO --- [   asgi_gw_0] localstack.request.http    : GET / => 200
2022-12-22T16:55:55.699  INFO --- [   asgi_gw_0] localstack.request.http    : GET / => 200
2022-12-22T16:56:25.942  INFO --- [   asgi_gw_0] localstack.request.http    : GET / => 200
2022-12-22T16:56:56.136  INFO --- [   asgi_gw_0] localstack.request.http    : GET / => 200
2022-12-22T16:57:26.367  INFO --- [   asgi_gw_0] localstack.request.http    : GET / => 200
2022-12-22T16:57:56.933  INFO --- [   asgi_gw_0] localstack.request.http    : GET / => 200
2022-12-22T19:36:24.971  INFO --- [   asgi_gw_0] localstack.request.http    : GET / => 200
2022-12-22T19:36:56.235  INFO --- [   asgi_gw_0] localstack.request.http    : GET / => 200
2022-12-22T19:37:27.065  INFO --- [   asgi_gw_0] localstack.request.http    : GET / => 200
2022-12-22T19:37:57.878  INFO --- [   asgi_gw_0] localstack.request.http    : GET / => 200
2022-12-22T19:38:28.242  INFO --- [   asgi_gw_0] localstack.request.http    : GET / => 200
2022-12-22T19:38:58.448  INFO --- [   asgi_gw_0] localstack.request.http    : GET / => 200
2022-12-22T19:39:28.664  INFO --- [   asgi_gw_0] localstack.request.http    : GET / => 200
2022-12-22T19:39:58.830  INFO --- [   asgi_gw_0] localstack.request.http    : GET / => 200
2022-12-22T19:40:29.207  INFO --- [   asgi_gw_0] localstack.request.http    : GET / => 200
2022-12-22T19:40:59.539  INFO --- [   asgi_gw_0] localstack.request.http    : GET / => 200
2022-12-22T19:41:29.664  INFO --- [   asgi_gw_0] localstack.request.http    : GET / => 200
2022-12-22T19:41:59.844  INFO --- [   asgi_gw_0] localstack.request.http    : GET / => 200
2022-12-22T19:42:30.051  INFO --- [   asgi_gw_0] localstack.request.http    : GET / => 200
2022-12-22T19:43:00.191  INFO --- [   asgi_gw_0] localstack.request.http    : GET / => 200
2022-12-22T19:43:30.664  INFO --- [   asgi_gw_0] localstack.request.http    : GET / => 200
2022-12-22T19:44:00.875  INFO --- [   asgi_gw_0] localstack.request.http    : GET / => 200
2022-12-22T19:44:31.469  INFO --- [   asgi_gw_0] localstack.request.http    : GET / => 200
2022-12-22T19:45:01.888  INFO --- [   asgi_gw_0] localstack.request.http    : GET / => 200
2022-12-22T19:45:32.104  INFO --- [   asgi_gw_0] localstack.request.http    : GET / => 200
2022-12-22T19:46:02.311  INFO --- [   asgi_gw_0] localstack.request.http    : GET / => 200
2022-12-22T19:46:32.535  INFO --- [   asgi_gw_0] localstack.request.http    : GET / => 200
2022-12-22T19:47:02.890  INFO --- [   asgi_gw_0] localstack.request.http    : GET / => 200
2022-12-22T19:47:33.069  INFO --- [   asgi_gw_0] localstack.request.http    : GET / => 200
2022-12-22T19:48:03.266  INFO --- [   asgi_gw_0] localstack.request.http    : GET / => 200
2022-12-22T19:48:33.429  INFO --- [   asgi_gw_0] localstack.request.http    : GET / => 200
2022-12-22T19:49:03.969  INFO --- [   asgi_gw_0] localstack.request.http    : GET / => 200
2022-12-22T19:49:34.492  INFO --- [   asgi_gw_0] localstack.request.http    : GET / => 200
2022-12-22T19:50:05.166  INFO --- [   asgi_gw_0] localstack.request.http    : GET / => 200
2022-12-22T19:50:35.787  INFO --- [   asgi_gw_0] localstack.request.http    : GET / => 200
2022-12-22T19:51:05.921  INFO --- [   asgi_gw_0] localstack.request.http    : GET / => 200
2022-12-22T19:51:36.103  INFO --- [   asgi_gw_0] localstack.request.http    : GET / => 200
2022-12-22T19:52:06.330  INFO --- [   asgi_gw_0] localstack.request.http    : GET / => 200
2022-12-22T19:52:36.609  INFO --- [   asgi_gw_0] localstack.request.http    : GET / => 200
2022-12-22T19:53:06.811  INFO --- [   asgi_gw_0] localstack.request.http    : GET / => 200
2022-12-22T19:53:37.102  INFO --- [   asgi_gw_0] localstack.request.http    : GET / => 200
2022-12-22T19:54:07.347  INFO --- [   asgi_gw_0] localstack.request.http    : GET / => 200
2022-12-22T19:54:37.592  INFO --- [   asgi_gw_0] localstack.request.http    : GET / => 200
2022-12-22T19:55:07.801  INFO --- [   asgi_gw_0] localstack.request.http    : GET / => 200
2022-12-22T19:55:37.955  INFO --- [   asgi_gw_0] localstack.request.http    : GET / => 200
2022-12-22T19:56:08.074  INFO --- [   asgi_gw_0] localstack.request.http    : GET / => 200
2022-12-22T19:56:38.235  INFO --- [   asgi_gw_0] localstack.request.http    : GET / => 200
2022-12-22T19:57:08.957  INFO --- [   asgi_gw_0] localstack.request.http    : GET / => 200
2022-12-22T19:57:39.313  INFO --- [   asgi_gw_0] localstack.request.http    : GET / => 200
2022-12-22T19:58:09.447  INFO --- [   asgi_gw_0] localstack.request.http    : GET / => 200
2022-12-22T19:58:39.948  INFO --- [   asgi_gw_0] localstack.request.http    : GET / => 200
2022-12-22T19:59:11.234  INFO --- [   asgi_gw_0] localstack.request.http    : GET / => 200
2022-12-22T19:59:43.302  INFO --- [   asgi_gw_0] localstack.request.http    : GET / => 200
2022-12-22T20:00:13.552  INFO --- [   asgi_gw_0] localstack.request.http    : GET / => 200
2022-12-22T20:00:43.739  INFO --- [   asgi_gw_0] localstack.request.http    : GET / => 200
2022-12-22T20:01:14.059  INFO --- [   asgi_gw_0] localstack.request.http    : GET / => 200
2022-12-22T20:01:44.414  INFO --- [   asgi_gw_0] localstack.request.http    : GET / => 200
2022-12-22T20:02:14.917  INFO --- [   asgi_gw_0] localstack.request.http    : GET / => 200
2022-12-22T20:02:45.578  INFO --- [   asgi_gw_0] localstack.request.http    : GET / => 200
2022-12-22T20:03:16.285  INFO --- [   asgi_gw_0] localstack.request.http    : GET / => 200
2022-12-22T20:03:46.967  INFO --- [   asgi_gw_0] localstack.request.http    : GET / => 200
2022-12-22T20:04:17.447  INFO --- [   asgi_gw_0] localstack.request.http    : GET / => 200
2022-12-22T20:04:47.886  INFO --- [   asgi_gw_0] localstack.request.http    : GET / => 200
2022-12-22T20:05:18.074  INFO --- [   asgi_gw_0] localstack.request.http    : GET / => 200
2022-12-22T20:05:48.325  INFO --- [   asgi_gw_0] localstack.request.http    : GET / => 200
2022-12-22T20:06:18.577  INFO --- [   asgi_gw_0] localstack.request.http    : GET / => 200
2022-12-22T20:06:48.888  INFO --- [   asgi_gw_0] localstack.request.http    : GET / => 200
2022-12-22T20:07:19.273  INFO --- [   asgi_gw_0] localstack.request.http    : GET / => 200
2022-12-22T20:07:49.745  INFO --- [   asgi_gw_0] localstack.request.http    : GET / => 200
2022-12-22T20:08:20.010  INFO --- [   asgi_gw_0] localstack.request.http    : GET / => 200
2022-12-22T20:08:50.778  INFO --- [   asgi_gw_0] localstack.request.http    : GET / => 200
2022-12-22T20:09:21.142  INFO --- [   asgi_gw_0] localstack.request.http    : GET / => 200
2022-12-22T20:09:51.455  INFO --- [   asgi_gw_0] localstack.request.http    : GET / => 200
2022-12-22T20:10:21.747  INFO --- [   asgi_gw_0] localstack.request.http    : GET / => 200
2022-12-22T20:10:51.956  INFO --- [   asgi_gw_0] localstack.request.http    : GET / => 200
2022-12-22T20:11:22.137  INFO --- [   asgi_gw_0] localstack.request.http    : GET / => 200
2022-12-22T20:11:52.313  INFO --- [   asgi_gw_0] localstack.request.http    : GET / => 200
2022-12-22T20:12:22.557  INFO --- [   asgi_gw_0] localstack.request.http    : GET / => 200
2022-12-22T20:12:52.922  INFO --- [   asgi_gw_0] localstack.request.http    : GET / => 200
2022-12-22T20:13:23.325  INFO --- [   asgi_gw_0] localstack.request.http    : GET / => 200
2022-12-22T20:13:53.557  INFO --- [   asgi_gw_0] localstack.request.http    : GET / => 200
2022-12-22T20:14:23.717  INFO --- [   asgi_gw_0] localstack.request.http    : GET / => 200
2022-12-22T20:14:54.116  INFO --- [   asgi_gw_0] localstack.request.http    : GET / => 200
2022-12-22T20:15:24.384  INFO --- [   asgi_gw_0] localstack.request.http    : GET / => 200
2022-12-22T20:15:54.546  INFO --- [   asgi_gw_0] localstack.request.http    : GET / => 200
2022-12-22T20:16:24.869  INFO --- [   asgi_gw_0] localstack.request.http    : GET / => 200
2022-12-22T20:16:55.287  INFO --- [   asgi_gw_0] localstack.request.http    : GET / => 200
2022-12-22T20:17:25.555  INFO --- [   asgi_gw_0] localstack.request.http    : GET / => 200
2022-12-22T20:17:55.743  INFO --- [   asgi_gw_0] localstack.request.http    : GET / => 200
2022-12-22T20:18:26.098  INFO --- [   asgi_gw_0] localstack.request.http    : GET / => 200
2022-12-22T20:18:56.306  INFO --- [   asgi_gw_0] localstack.request.http    : GET / => 200
2022-12-22T20:19:26.566  INFO --- [   asgi_gw_0] localstack.request.http    : GET / => 200
2022-12-22T20:19:56.852  INFO --- [   asgi_gw_0] localstack.request.http    : GET / => 200
2022-12-22T20:20:27.117  INFO --- [   asgi_gw_0] localstack.request.http    : GET / => 200
2022-12-22T20:20:57.709  INFO --- [   asgi_gw_0] localstack.request.http    : GET / => 200
2022-12-22T20:21:28.161  INFO --- [   asgi_gw_0] localstack.request.http    : GET / => 200
2022-12-22T20:21:58.797  INFO --- [   asgi_gw_0] localstack.request.http    : GET / => 200
2022-12-22T20:22:29.075  INFO --- [   asgi_gw_0] localstack.request.http    : GET / => 200
2022-12-22T20:22:59.240  INFO --- [   asgi_gw_0] localstack.request.http    : GET / => 200
2022-12-22T20:23:29.407  INFO --- [   asgi_gw_0] localstack.request.http    : GET / => 200
2022-12-22T20:24:00.176  INFO --- [   asgi_gw_0] localstack.request.http    : GET / => 200
2022-12-22T20:24:30.714  INFO --- [   asgi_gw_0] localstack.request.http    : GET / => 200
2022-12-22T20:25:01.154  INFO --- [   asgi_gw_0] localstack.request.http    : GET / => 200
2022-12-22T20:25:31.522  INFO --- [   asgi_gw_0] localstack.request.http    : GET / => 200
2022-12-22T20:26:01.838  INFO --- [   asgi_gw_0] localstack.request.http    : GET / => 200
2022-12-22T20:26:32.134  INFO --- [   asgi_gw_0] localstack.request.http    : GET / => 200
2022-12-22T20:27:02.388  INFO --- [   asgi_gw_0] localstack.request.http    : GET / => 200
2022-12-22T20:27:32.610  INFO --- [   asgi_gw_0] localstack.request.http    : GET / => 200
2022-12-22T20:28:02.810  INFO --- [   asgi_gw_0] localstack.request.http    : GET / => 200
2022-12-22T20:28:32.959  INFO --- [   asgi_gw_0] localstack.request.http    : GET / => 200
2022-12-22T20:29:03.273  INFO --- [   asgi_gw_0] localstack.request.http    : GET / => 200
2022-12-22T20:29:33.497  INFO --- [   asgi_gw_0] localstack.request.http    : GET / => 200
2022-12-22T20:30:03.622  INFO --- [   asgi_gw_0] localstack.request.http    : GET / => 200
2022-12-22T20:30:33.831  INFO --- [   asgi_gw_0] localstack.request.http    : GET / => 200
2022-12-22T20:31:04.047  INFO --- [   asgi_gw_0] localstack.request.http    : GET / => 200
2022-12-22T20:31:34.303  INFO --- [   asgi_gw_0] localstack.request.http    : GET / => 200
2022-12-22T20:32:04.513  INFO --- [   asgi_gw_0] localstack.request.http    : GET / => 200
2022-12-22T20:32:34.687  INFO --- [   asgi_gw_0] localstack.request.http    : GET / => 200
2022-12-22T20:33:04.916  INFO --- [   asgi_gw_0] localstack.request.http    : GET / => 200
2022-12-22T20:33:35.225  INFO --- [   asgi_gw_0] localstack.request.http    : GET / => 200
2022-12-22T20:34:05.498  INFO --- [   asgi_gw_0] localstack.request.http    : GET / => 200
2022-12-22T20:34:35.703  INFO --- [   asgi_gw_0] localstack.request.http    : GET / => 200
2022-12-22T20:35:05.918  INFO --- [   asgi_gw_0] localstack.request.http    : GET / => 200
2022-12-22T20:35:36.344  INFO --- [   asgi_gw_0] localstack.request.http    : GET / => 200
2022-12-22T20:36:06.954  INFO --- [   asgi_gw_0] localstack.request.http    : GET / => 200
2022-12-22T20:36:37.517  INFO --- [   asgi_gw_0] localstack.request.http    : GET / => 200
2022-12-22T20:37:07.981  INFO --- [   asgi_gw_0] localstack.request.http    : GET / => 200
2022-12-22T20:37:38.254  INFO --- [   asgi_gw_0] localstack.request.http    : GET / => 200
2022-12-22T20:38:08.583  INFO --- [   asgi_gw_0] localstack.request.http    : GET / => 200
2022-12-22T20:38:38.764  INFO --- [   asgi_gw_0] localstack.request.http    : GET / => 200
2022-12-22T20:39:08.921  INFO --- [   asgi_gw_0] localstack.request.http    : GET / => 200
2022-12-22T20:39:39.118  INFO --- [   asgi_gw_0] localstack.request.http    : GET / => 200
2022-12-22T20:40:09.336  INFO --- [   asgi_gw_0] localstack.request.http    : GET / => 200
2022-12-22T20:40:39.538  INFO --- [   asgi_gw_0] localstack.request.http    : GET / => 200
2022-12-22T20:41:09.716  INFO --- [   asgi_gw_0] localstack.request.http    : GET / => 200
2022-12-22T20:41:39.883  INFO --- [   asgi_gw_0] localstack.request.http    : GET / => 200
2022-12-22T20:42:10.137  INFO --- [   asgi_gw_0] localstack.request.http    : GET / => 200
2022-12-22T20:42:40.315  INFO --- [   asgi_gw_0] localstack.request.http    : GET / => 200
2022-12-22T20:43:10.598  INFO --- [   asgi_gw_0] localstack.request.http    : GET / => 200
2022-12-22T20:43:40.778  INFO --- [   asgi_gw_0] localstack.request.http    : GET / => 200
2022-12-22T20:44:10.967  INFO --- [   asgi_gw_0] localstack.request.http    : GET / => 200
2022-12-22T20:44:41.177  INFO --- [   asgi_gw_0] localstack.request.http    : GET / => 200
2022-12-22T20:45:11.356  INFO --- [   asgi_gw_0] localstack.request.http    : GET / => 200
2022-12-22T20:45:41.539  INFO --- [   asgi_gw_0] localstack.request.http    : GET / => 200
2022-12-22T20:46:11.868  INFO --- [   asgi_gw_0] localstack.request.http    : GET / => 200
2022-12-22T20:46:42.065  INFO --- [   asgi_gw_0] localstack.request.http    : GET / => 200
2022-12-22T20:47:12.807  INFO --- [   asgi_gw_0] localstack.request.http    : GET / => 200
2022-12-22T20:47:43.264  INFO --- [   asgi_gw_0] localstack.request.http    : GET / => 200
2022-12-22T20:48:13.875  INFO --- [   asgi_gw_0] localstack.request.http    : GET / => 200
2022-12-22T20:48:44.090  INFO --- [   asgi_gw_0] localstack.request.http    : GET / => 200
2022-12-22T20:49:14.316  INFO --- [   asgi_gw_0] localstack.request.http    : GET / => 200
2022-12-22T20:49:44.512  INFO --- [   asgi_gw_0] localstack.request.http    : GET / => 200
2022-12-22T20:50:14.986  INFO --- [   asgi_gw_0] localstack.request.http    : GET / => 200
2022-12-22T20:50:45.154  INFO --- [   asgi_gw_0] localstack.request.http    : GET / => 200
2022-12-22T20:51:15.331  INFO --- [   asgi_gw_0] localstack.request.http    : GET / => 200
2022-12-22T20:51:45.549  INFO --- [   asgi_gw_0] localstack.request.http    : GET / => 200
2022-12-22T20:52:15.932  INFO --- [   asgi_gw_0] localstack.request.http    : GET / => 200
2022-12-22T20:52:46.167  INFO --- [   asgi_gw_0] localstack.request.http    : GET / => 200
2022-12-22T20:53:16.644  INFO --- [   asgi_gw_0] localstack.request.http    : GET / => 200
2022-12-22T20:53:46.762  INFO --- [   asgi_gw_0] localstack.request.http    : GET / => 200
2022-12-22T20:54:16.882  INFO --- [   asgi_gw_0] localstack.request.http    : GET / => 200
2022-12-22T20:54:47.094  INFO --- [   asgi_gw_0] localstack.request.http    : GET / => 200
2022-12-22T20:55:17.309  INFO --- [   asgi_gw_0] localstack.request.http    : GET / => 200
2022-12-22T20:55:47.476  INFO --- [   asgi_gw_0] localstack.request.http    : GET / => 200
2022-12-22T20:56:17.700  INFO --- [   asgi_gw_0] localstack.request.http    : GET / => 200
2022-12-22T20:56:47.873  INFO --- [   asgi_gw_0] localstack.request.http    : GET / => 200
2022-12-22T20:57:18.026  INFO --- [   asgi_gw_0] localstack.request.http    : GET / => 200
2022-12-22T20:57:48.170  INFO --- [   asgi_gw_0] localstack.request.http    : GET / => 200
2022-12-22T20:58:18.502  INFO --- [   asgi_gw_0] localstack.request.http    : GET / => 200
2022-12-22T20:58:48.679  INFO --- [   asgi_gw_0] localstack.request.http    : GET / => 200
2022-12-22T20:59:18.893  INFO --- [   asgi_gw_0] localstack.request.http    : GET / => 200
2022-12-22T20:59:49.217  INFO --- [   asgi_gw_0] localstack.request.http    : GET / => 200
2022-12-22T21:00:19.386  INFO --- [   asgi_gw_0] localstack.request.http    : GET / => 200
2022-12-22T21:00:49.621  INFO --- [   asgi_gw_0] localstack.request.http    : GET / => 200
2022-12-22T21:01:20.191  INFO --- [   asgi_gw_0] localstack.request.http    : GET / => 200
2022-12-22T21:01:50.788  INFO --- [   asgi_gw_0] localstack.request.http    : GET / => 200
2022-12-22T21:02:21.103  INFO --- [   asgi_gw_0] localstack.request.http    : GET / => 200
2022-12-22T21:02:51.251  INFO --- [   asgi_gw_0] localstack.request.http    : GET / => 200
2022-12-22T21:03:21.465  INFO --- [   asgi_gw_0] localstack.request.http    : GET / => 200
2022-12-22T21:03:51.667  INFO --- [   asgi_gw_0] localstack.request.http    : GET / => 200
2022-12-22T21:04:21.848  INFO --- [   asgi_gw_0] localstack.request.http    : GET / => 200
2022-12-22T21:04:52.086  INFO --- [   asgi_gw_0] localstack.request.http    : GET / => 200
2022-12-22T21:05:22.359  INFO --- [   asgi_gw_0] localstack.request.http    : GET / => 200
2022-12-22T21:05:52.637  INFO --- [   asgi_gw_0] localstack.request.http    : GET / => 200
2022-12-22T21:06:22.961  INFO --- [   asgi_gw_0] localstack.request.http    : GET / => 200
2022-12-22T21:06:53.447  INFO --- [   asgi_gw_0] localstack.request.http    : GET / => 200
2022-12-22T21:07:23.593  INFO --- [   asgi_gw_0] localstack.request.http    : GET / => 200
2022-12-22T21:07:53.822  INFO --- [   asgi_gw_0] localstack.request.http    : GET / => 200
2022-12-22T21:08:24.034  INFO --- [   asgi_gw_0] localstack.request.http    : GET / => 200
2022-12-22T21:08:54.217  INFO --- [   asgi_gw_0] localstack.request.http    : GET / => 200
2022-12-22T21:09:24.673  INFO --- [   asgi_gw_0] localstack.request.http    : GET / => 200
2022-12-22T21:09:55.321  INFO --- [   asgi_gw_0] localstack.request.http    : GET / => 200
2022-12-22T21:10:17.366  INFO --- [uncthread244] l.services.motoserver      : starting moto server on http://0.0.0.0:49485
2022-12-22T21:10:17.385  INFO --- [   asgi_gw_0] localstack.services.infra  : Starting mock S3 service on http port 4566 ...
2022-12-22T21:10:18.308  INFO --- [   asgi_gw_0] localstack.utils.bootstrap : Execution of "require" took 1010.46ms
2022-12-22T21:10:18.809  INFO --- [   asgi_gw_0] localstack.request.aws     : AWS s3.GetBucketAcl => 404 (NoSuchBucket)
2022-12-22T21:10:19.210  INFO --- [   asgi_gw_1] localstack.request.aws     : AWS s3.CreateBucket => 200
2022-12-22T21:10:19.811  INFO --- [   asgi_gw_0] localstack.request.aws     : AWS s3.GetBucketAcl => 404 (NoSuchBucket)
2022-12-22T21:10:19.854  INFO --- [   asgi_gw_1] localstack.request.aws     : AWS s3.CreateBucket => 200
2022-12-22T21:10:25.610  INFO --- [   asgi_gw_0] localstack.request.http    : GET / => 200
2022-12-22T21:10:47.559  INFO --- [   asgi_gw_1] localstack.request.aws     : AWS s3.GetBucketAcl => 200
2022-12-22T21:10:47.943  INFO --- [   asgi_gw_0] localstack.request.aws     : AWS s3.GetBucketAcl => 200
2022-12-22T21:10:55.767  INFO --- [   asgi_gw_1] localstack.request.http    : GET / => 200
2022-12-22T21:11:12.136  INFO --- [   asgi_gw_0] localstack.request.aws     : AWS s3.GetBucketAcl => 200
2022-12-22T21:11:12.574  INFO --- [   asgi_gw_1] localstack.request.aws     : AWS s3.GetBucketAcl => 200
2022-12-22T21:11:25.967  INFO --- [   asgi_gw_0] localstack.request.http    : GET / => 200
2022-12-22T21:11:39.085  INFO --- [   asgi_gw_1] localstack.request.aws     : AWS s3.GetBucketAcl => 200
2022-12-22T21:11:39.462  INFO --- [   asgi_gw_0] localstack.request.aws     : AWS s3.GetBucketAcl => 200
2022-12-22T21:11:56.199  INFO --- [   asgi_gw_1] localstack.request.http    : GET / => 200
2022-12-22T21:12:26.409  INFO --- [   asgi_gw_0] localstack.request.http    : GET / => 200
2022-12-22T21:12:56.601  INFO --- [   asgi_gw_1] localstack.request.http    : GET / => 200
2022-12-22T21:13:26.779  INFO --- [   asgi_gw_0] localstack.request.http    : GET / => 200
2022-12-22T21:13:56.911  INFO --- [   asgi_gw_1] localstack.request.http    : GET / => 200
2022-12-22T21:14:27.127  INFO --- [   asgi_gw_0] localstack.request.http    : GET / => 200
2022-12-22T21:14:57.315  INFO --- [   asgi_gw_1] localstack.request.http    : GET / => 200
2022-12-22T21:15:27.450  INFO --- [   asgi_gw_0] localstack.request.http    : GET / => 200
2022-12-22T21:15:57.928  INFO --- [   asgi_gw_1] localstack.request.http    : GET / => 200
2022-12-22T21:16:28.640  INFO --- [   asgi_gw_0] localstack.request.http    : GET / => 200
2022-12-22T21:16:48.434  INFO --- [   asgi_gw_1] localstack.request.aws     : AWS s3.GetBucketAcl => 200
2022-12-22T21:16:49.418  INFO --- [   asgi_gw_0] localstack.request.aws     : AWS s3.GetBucketAcl => 200
2022-12-22T21:16:59.163  INFO --- [   asgi_gw_1] localstack.request.http    : GET / => 200
2022-12-22T21:17:22.012  INFO --- [   asgi_gw_0] localstack.request.aws     : AWS s3.GetBucketAcl => 200
2022-12-22T21:17:22.363  INFO --- [   asgi_gw_1] localstack.request.aws     : AWS s3.GetBucketAcl => 200
2022-12-22T21:17:29.369  INFO --- [   asgi_gw_0] localstack.request.http    : GET / => 200
2022-12-22T21:17:44.098  INFO --- [   asgi_gw_1] localstack.request.aws     : AWS s3.GetBucketAcl => 200
2022-12-22T21:17:44.475  INFO --- [   asgi_gw_0] localstack.request.aws     : AWS s3.GetBucketAcl => 200
2022-12-22T21:17:59.540  INFO --- [   asgi_gw_1] localstack.request.http    : GET / => 200
2022-12-22T21:18:04.529  INFO --- [   asgi_gw_0] localstack.request.aws     : AWS s3.GetBucketAcl => 200
2022-12-22T21:18:04.874  INFO --- [   asgi_gw_1] localstack.request.aws     : AWS s3.GetBucketAcl => 200
2022-12-22T21:18:25.163  INFO --- [   asgi_gw_0] localstack.request.aws     : AWS s3.GetBucketAcl => 200
2022-12-22T21:18:25.545  INFO --- [   asgi_gw_1] localstack.request.aws     : AWS s3.GetBucketAcl => 200
2022-12-22T21:18:29.708  INFO --- [   asgi_gw_0] localstack.request.http    : GET / => 200
2022-12-22T21:18:47.524  INFO --- [   asgi_gw_1] localstack.request.aws     : AWS s3.GetBucketAcl => 200
2022-12-22T21:18:47.887  INFO --- [   asgi_gw_0] localstack.request.aws     : AWS s3.GetBucketAcl => 200
2022-12-22T21:18:59.932  INFO --- [   asgi_gw_1] localstack.request.http    : GET / => 200
2022-12-22T21:19:10.174  INFO --- [   asgi_gw_0] localstack.request.aws     : AWS s3.GetBucketAcl => 200
2022-12-22T21:19:10.561  INFO --- [   asgi_gw_1] localstack.request.aws     : AWS s3.GetBucketAcl => 200
2022-12-22T21:19:30.104  INFO --- [   asgi_gw_0] localstack.request.http    : GET / => 200
2022-12-22T21:19:31.785  INFO --- [   asgi_gw_1] localstack.request.aws     : AWS s3.GetBucketAcl => 200
2022-12-22T21:19:32.152  INFO --- [   asgi_gw_0] localstack.request.aws     : AWS s3.GetBucketAcl => 200
2022-12-22T21:19:53.425  INFO --- [   asgi_gw_1] localstack.request.aws     : AWS s3.GetBucketAcl => 200
2022-12-22T21:19:53.754  INFO --- [   asgi_gw_0] localstack.request.aws     : AWS s3.GetBucketAcl => 200
2022-12-22T21:20:00.300  INFO --- [   asgi_gw_1] localstack.request.http    : GET / => 200
2022-12-22T21:20:13.486  INFO --- [   asgi_gw_0] localstack.request.aws     : AWS s3.GetBucketAcl => 200
2022-12-22T21:20:13.813  INFO --- [   asgi_gw_1] localstack.request.aws     : AWS s3.GetBucketAcl => 200
2022-12-22T21:20:30.496  INFO --- [   asgi_gw_0] localstack.request.http    : GET / => 200
2022-12-22T21:20:34.149  INFO --- [   asgi_gw_1] localstack.request.aws     : AWS s3.GetBucketAcl => 200
2022-12-22T21:20:34.478  INFO --- [   asgi_gw_0] localstack.request.aws     : AWS s3.GetBucketAcl => 200
2022-12-22T21:20:54.164  INFO --- [   asgi_gw_1] localstack.request.aws     : AWS s3.GetBucketAcl => 200
2022-12-22T21:20:54.533  INFO --- [   asgi_gw_0] localstack.request.aws     : AWS s3.GetBucketAcl => 200
2022-12-22T21:21:00.681  INFO --- [   asgi_gw_1] localstack.request.http    : GET / => 200
2022-12-22T21:21:14.623  INFO --- [   asgi_gw_0] localstack.request.aws     : AWS s3.GetBucketAcl => 200
2022-12-22T21:21:14.957  INFO --- [   asgi_gw_1] localstack.request.aws     : AWS s3.GetBucketAcl => 200
2022-12-22T21:21:30.836  INFO --- [   asgi_gw_0] localstack.request.http    : GET / => 200
2022-12-22T21:21:35.540  INFO --- [   asgi_gw_1] localstack.request.aws     : AWS s3.GetBucketAcl => 200
2022-12-22T21:21:35.864  INFO --- [   asgi_gw_0] localstack.request.aws     : AWS s3.GetBucketAcl => 200
2022-12-22T21:21:55.833  INFO --- [   asgi_gw_1] localstack.request.aws     : AWS s3.GetBucketAcl => 200
2022-12-22T21:21:56.172  INFO --- [   asgi_gw_0] localstack.request.aws     : AWS s3.GetBucketAcl => 200
2022-12-22T21:22:00.981  INFO --- [   asgi_gw_1] localstack.request.http    : GET / => 200
2022-12-22T21:22:17.227  INFO --- [   asgi_gw_0] localstack.request.aws     : AWS s3.GetBucketAcl => 200
2022-12-22T21:22:17.611  INFO --- [   asgi_gw_1] localstack.request.aws     : AWS s3.GetBucketAcl => 200
2022-12-22T21:22:31.177  INFO --- [   asgi_gw_0] localstack.request.http    : GET / => 200
2022-12-22T21:22:41.646  INFO --- [   asgi_gw_1] localstack.request.aws     : AWS s3.GetBucketAcl => 200
2022-12-22T21:22:42.078  INFO --- [   asgi_gw_0] localstack.request.aws     : AWS s3.GetBucketAcl => 200
2022-12-22T21:23:01.334  INFO --- [   asgi_gw_1] localstack.request.http    : GET / => 200
2022-12-22T21:23:04.672  INFO --- [   asgi_gw_0] localstack.request.aws     : AWS s3.GetBucketAcl => 200
2022-12-22T21:23:05.116  INFO --- [   asgi_gw_1] localstack.request.aws     : AWS s3.GetBucketAcl => 200
2022-12-22T21:23:26.102  INFO --- [   asgi_gw_0] localstack.request.aws     : AWS s3.GetBucketAcl => 200
2022-12-22T21:23:26.455  INFO --- [   asgi_gw_1] localstack.request.aws     : AWS s3.GetBucketAcl => 200
2022-12-22T21:23:31.495  INFO --- [   asgi_gw_0] localstack.request.http    : GET / => 200
2022-12-22T21:23:45.778  INFO --- [   asgi_gw_1] localstack.request.aws     : AWS s3.GetBucketAcl => 200
2022-12-22T21:23:46.082  INFO --- [   asgi_gw_0] localstack.request.aws     : AWS s3.GetBucketAcl => 200
2022-12-22T21:24:01.648  INFO --- [   asgi_gw_1] localstack.request.http    : GET / => 200
2022-12-22T21:24:05.260  INFO --- [   asgi_gw_0] localstack.request.aws     : AWS s3.GetBucketAcl => 200
2022-12-22T21:24:05.592  INFO --- [   asgi_gw_1] localstack.request.aws     : AWS s3.GetBucketAcl => 200
2022-12-22T21:24:26.626  INFO --- [   asgi_gw_0] localstack.request.aws     : AWS s3.GetBucketAcl => 200
2022-12-22T21:24:26.965  INFO --- [   asgi_gw_1] localstack.request.aws     : AWS s3.GetBucketAcl => 200
2022-12-22T21:24:31.768  INFO --- [   asgi_gw_0] localstack.request.http    : GET / => 200
2022-12-22T21:24:46.836  INFO --- [   asgi_gw_1] localstack.request.aws     : AWS s3.GetBucketAcl => 200
2022-12-22T21:24:47.145  INFO --- [   asgi_gw_0] localstack.request.aws     : AWS s3.GetBucketAcl => 200
2022-12-22T21:25:01.955  INFO --- [   asgi_gw_1] localstack.request.http    : GET / => 200
2022-12-22T21:25:09.358  INFO --- [   asgi_gw_0] localstack.request.aws     : AWS s3.GetBucketAcl => 200
2022-12-22T21:25:09.679  INFO --- [   asgi_gw_1] localstack.request.aws     : AWS s3.GetBucketAcl => 200
2022-12-22T21:25:30.150  INFO --- [   asgi_gw_0] localstack.request.aws     : AWS s3.GetBucketAcl => 200
2022-12-22T21:25:30.575  INFO --- [   asgi_gw_1] localstack.request.aws     : AWS s3.GetBucketAcl => 200
2022-12-22T21:25:32.100  INFO --- [   asgi_gw_0] localstack.request.http    : GET / => 200
2022-12-22T21:25:50.424  INFO --- [   asgi_gw_1] localstack.request.aws     : AWS s3.GetBucketAcl => 200
2022-12-22T21:25:50.756  INFO --- [   asgi_gw_0] localstack.request.aws     : AWS s3.GetBucketAcl => 200
2022-12-22T21:26:02.237  INFO --- [   asgi_gw_1] localstack.request.http    : GET / => 200
2022-12-22T21:26:10.617  INFO --- [   asgi_gw_0] localstack.request.aws     : AWS s3.GetBucketAcl => 200
2022-12-22T21:26:10.983  INFO --- [   asgi_gw_1] localstack.request.aws     : AWS s3.GetBucketAcl => 200
2022-12-22T21:26:32.412  INFO --- [   asgi_gw_0] localstack.request.http    : GET / => 200
2022-12-22T21:26:33.923  INFO --- [   asgi_gw_1] localstack.request.aws     : AWS s3.GetBucketAcl => 200
2022-12-22T21:26:34.332  INFO --- [   asgi_gw_0] localstack.request.aws     : AWS s3.GetBucketAcl => 200
2022-12-22T21:26:54.575  INFO --- [   asgi_gw_1] localstack.request.aws     : AWS s3.GetBucketAcl => 200
2022-12-22T21:26:54.950  INFO --- [   asgi_gw_0] localstack.request.aws     : AWS s3.GetBucketAcl => 200
2022-12-22T21:27:02.541  INFO --- [   asgi_gw_1] localstack.request.http    : GET / => 200
2022-12-22T21:27:14.662  INFO --- [   asgi_gw_0] localstack.request.aws     : AWS s3.GetBucketAcl => 200
2022-12-22T21:27:15.033  INFO --- [   asgi_gw_1] localstack.request.aws     : AWS s3.GetBucketAcl => 200
2022-12-22T21:27:32.730  INFO --- [   asgi_gw_0] localstack.request.http    : GET / => 200
2022-12-22T21:27:35.438  INFO --- [   asgi_gw_1] localstack.request.aws     : AWS s3.GetBucketAcl => 200
2022-12-22T21:27:35.831  INFO --- [   asgi_gw_0] localstack.request.aws     : AWS s3.GetBucketAcl => 200
2022-12-22T21:27:54.954  INFO --- [   asgi_gw_1] localstack.request.aws     : AWS s3.GetBucketAcl => 200
2022-12-22T21:27:55.344  INFO --- [   asgi_gw_0] localstack.request.aws     : AWS s3.GetBucketAcl => 200
2022-12-22T21:28:02.872  INFO --- [   asgi_gw_1] localstack.request.http    : GET / => 200
2022-12-22T21:28:16.128  INFO --- [   asgi_gw_0] localstack.request.aws     : AWS s3.GetBucketAcl => 200
2022-12-22T21:28:16.487  INFO --- [   asgi_gw_1] localstack.request.aws     : AWS s3.GetBucketAcl => 200
2022-12-22T21:28:33.046  INFO --- [   asgi_gw_0] localstack.request.http    : GET / => 200
2022-12-22T21:28:36.655  INFO --- [   asgi_gw_1] localstack.request.aws     : AWS s3.GetBucketAcl => 200
2022-12-22T21:28:37.020  INFO --- [   asgi_gw_0] localstack.request.aws     : AWS s3.GetBucketAcl => 200
2022-12-22T21:28:56.360  INFO --- [   asgi_gw_1] localstack.request.aws     : AWS s3.GetBucketAcl => 200
2022-12-22T21:28:56.760  INFO --- [   asgi_gw_0] localstack.request.aws     : AWS s3.GetBucketAcl => 200
2022-12-22T21:29:03.248  INFO --- [   asgi_gw_1] localstack.request.http    : GET / => 200
2022-12-22T21:29:16.410  INFO --- [   asgi_gw_0] localstack.request.aws     : AWS s3.GetBucketAcl => 200
2022-12-22T21:29:16.790  INFO --- [   asgi_gw_1] localstack.request.aws     : AWS s3.GetBucketAcl => 200
2022-12-22T21:29:33.449  INFO --- [   asgi_gw_0] localstack.request.http    : GET / => 200
2022-12-22T21:29:35.770  INFO --- [   asgi_gw_1] localstack.request.aws     : AWS s3.GetBucketAcl => 200
2022-12-22T21:29:36.157  INFO --- [   asgi_gw_0] localstack.request.aws     : AWS s3.GetBucketAcl => 200
2022-12-22T21:29:55.745  INFO --- [   asgi_gw_1] localstack.request.aws     : AWS s3.GetBucketAcl => 200
2022-12-22T21:29:56.082  INFO --- [   asgi_gw_0] localstack.request.aws     : AWS s3.GetBucketAcl => 200
2022-12-22T21:30:03.567  INFO --- [   asgi_gw_1] localstack.request.http    : GET / => 200
2022-12-22T21:30:16.739  INFO --- [   asgi_gw_0] localstack.request.aws     : AWS s3.GetBucketAcl => 200
2022-12-22T21:30:17.096  INFO --- [   asgi_gw_1] localstack.request.aws     : AWS s3.GetBucketAcl => 200
2022-12-22T21:30:33.724  INFO --- [   asgi_gw_0] localstack.request.http    : GET / => 200
2022-12-22T21:30:37.455  INFO --- [   asgi_gw_1] localstack.request.aws     : AWS s3.GetBucketAcl => 200
2022-12-22T21:30:37.727  INFO --- [   asgi_gw_0] localstack.request.aws     : AWS s3.GetBucketAcl => 200
2022-12-22T21:30:57.620  INFO --- [   asgi_gw_1] localstack.request.aws     : AWS s3.GetBucketAcl => 200
2022-12-22T21:30:58.029  INFO --- [   asgi_gw_0] localstack.request.aws     : AWS s3.GetBucketAcl => 200
2022-12-22T21:31:03.874  INFO --- [   asgi_gw_1] localstack.request.http    : GET / => 200
2022-12-22T21:31:21.272  INFO --- [   asgi_gw_0] localstack.request.aws     : AWS s3.GetBucketAcl => 200
2022-12-22T21:31:22.211  INFO --- [   asgi_gw_1] localstack.request.aws     : AWS s3.GetBucketAcl => 200
2022-12-22T21:31:34.046  INFO --- [   asgi_gw_0] localstack.request.http    : GET / => 200
2022-12-22T21:32:04.208  INFO --- [   asgi_gw_1] localstack.request.http    : GET / => 200
2022-12-22T21:32:34.343  INFO --- [   asgi_gw_0] localstack.request.http    : GET / => 200
2022-12-22T21:33:04.504  INFO --- [   asgi_gw_1] localstack.request.http    : GET / => 200
2022-12-22T21:33:34.700  INFO --- [   asgi_gw_0] localstack.request.http    : GET / => 200
2022-12-22T21:34:05.474  INFO --- [   asgi_gw_1] localstack.request.http    : GET / => 200
2022-12-22T21:34:36.125  INFO --- [   asgi_gw_0] localstack.request.http    : GET / => 200
2022-12-22T21:34:48.603  INFO --- [   asgi_gw_1] localstack.request.aws     : AWS s3.GetBucketAcl => 200
2022-12-22T21:34:49.558  INFO --- [   asgi_gw_0] localstack.request.aws     : AWS s3.GetBucketAcl => 200
2022-12-22T21:35:06.565  INFO --- [   asgi_gw_1] localstack.request.http    : GET / => 200
2022-12-22T21:35:36.746  INFO --- [   asgi_gw_0] localstack.request.http    : GET / => 200
2022-12-22T21:36:06.862  INFO --- [   asgi_gw_1] localstack.request.http    : GET / => 200
2022-12-22T21:36:36.972  INFO --- [   asgi_gw_0] localstack.request.http    : GET / => 200
2022-12-22T21:37:07.117  INFO --- [   asgi_gw_1] localstack.request.http    : GET / => 200
2022-12-22T21:37:37.321  INFO --- [   asgi_gw_0] localstack.request.http    : GET / => 200
2022-12-22T21:38:07.451  INFO --- [   asgi_gw_1] localstack.request.http    : GET / => 200
2022-12-22T21:38:37.560  INFO --- [   asgi_gw_0] localstack.request.http    : GET / => 200
2022-12-22T21:39:07.722  INFO --- [   asgi_gw_1] localstack.request.http    : GET / => 200
2022-12-22T21:39:37.830  INFO --- [   asgi_gw_0] localstack.request.http    : GET / => 200
2022-12-22T21:40:07.961  INFO --- [   asgi_gw_1] localstack.request.http    : GET / => 200
2022-12-22T21:40:38.110  INFO --- [   asgi_gw_0] localstack.request.http    : GET / => 200
2022-12-22T21:41:08.231  INFO --- [   asgi_gw_1] localstack.request.http    : GET / => 200
2022-12-22T21:41:38.405  INFO --- [   asgi_gw_0] localstack.request.http    : GET / => 200
2022-12-22T21:42:08.545  INFO --- [   asgi_gw_1] localstack.request.http    : GET / => 200
2022-12-22T21:42:38.670  INFO --- [   asgi_gw_0] localstack.request.http    : GET / => 200
2022-12-22T21:43:08.840  INFO --- [   asgi_gw_1] localstack.request.http    : GET / => 200
2022-12-22T21:43:38.951  INFO --- [   asgi_gw_0] localstack.request.http    : GET / => 200
2022-12-22T21:44:09.090  INFO --- [   asgi_gw_1] localstack.request.http    : GET / => 200
2022-12-22T21:44:39.232  INFO --- [   asgi_gw_0] localstack.request.http    : GET / => 200
2022-12-22T21:45:09.399  INFO --- [   asgi_gw_1] localstack.request.http    : GET / => 200
2022-12-22T21:45:39.507  INFO --- [   asgi_gw_0] localstack.request.http    : GET / => 200
2022-12-22T21:46:09.611  INFO --- [   asgi_gw_1] localstack.request.http    : GET / => 200
2022-12-22T21:46:39.732  INFO --- [   asgi_gw_0] localstack.request.http    : GET / => 200
2022-12-22T21:47:09.879  INFO --- [   asgi_gw_1] localstack.request.http    : GET / => 200
2022-12-22T21:47:39.984  INFO --- [   asgi_gw_0] localstack.request.http    : GET / => 200
2022-12-22T21:48:10.137  INFO --- [   asgi_gw_1] localstack.request.http    : GET / => 200
2022-12-22T21:48:40.254  INFO --- [   asgi_gw_0] localstack.request.http    : GET / => 200
2022-12-22T21:49:10.412  INFO --- [   asgi_gw_1] localstack.request.http    : GET / => 200
2022-12-22T21:49:40.574  INFO --- [   asgi_gw_0] localstack.request.http    : GET / => 200
2022-12-22T21:50:10.696  INFO --- [   asgi_gw_1] localstack.request.http    : GET / => 200
2022-12-22T21:50:40.852  INFO --- [   asgi_gw_0] localstack.request.http    : GET / => 200
2022-12-22T21:51:10.973  INFO --- [   asgi_gw_1] localstack.request.http    : GET / => 200
2022-12-22T21:51:41.117  INFO --- [   asgi_gw_0] localstack.request.http    : GET / => 200
2022-12-22T21:52:11.287  INFO --- [   asgi_gw_1] localstack.request.http    : GET / => 200
2022-12-22T21:52:41.413  INFO --- [   asgi_gw_0] localstack.request.http    : GET / => 200
2022-12-22T21:53:11.563  INFO --- [   asgi_gw_1] localstack.request.http    : GET / => 200
2022-12-22T21:53:41.684  INFO --- [   asgi_gw_0] localstack.request.http    : GET / => 200
2022-12-22T21:54:11.829  INFO --- [   asgi_gw_1] localstack.request.http    : GET / => 200
2022-12-22T21:54:41.956  INFO --- [   asgi_gw_0] localstack.request.http    : GET / => 200
2022-12-22T21:55:12.102  INFO --- [   asgi_gw_1] localstack.request.http    : GET / => 200
2022-12-22T21:55:42.252  INFO --- [   asgi_gw_0] localstack.request.http    : GET / => 200
2022-12-22T21:56:12.386  INFO --- [   asgi_gw_1] localstack.request.http    : GET / => 200
2022-12-22T21:56:42.546  INFO --- [   asgi_gw_0] localstack.request.http    : GET / => 200
2022-12-22T21:57:12.639  INFO --- [   asgi_gw_1] localstack.request.http    : GET / => 200
2022-12-22T21:57:42.828  INFO --- [   asgi_gw_0] localstack.request.http    : GET / => 200
2022-12-22T21:58:13.041  INFO --- [   asgi_gw_1] localstack.request.http    : GET / => 200
2022-12-22T21:58:43.268  INFO --- [   asgi_gw_0] localstack.request.http    : GET / => 200
2022-12-22T21:59:13.383  INFO --- [   asgi_gw_1] localstack.request.http    : GET / => 200
2022-12-22T21:59:43.514  INFO --- [   asgi_gw_0] localstack.request.http    : GET / => 200
2022-12-22T22:00:13.632  INFO --- [   asgi_gw_1] localstack.request.http    : GET / => 200
2022-12-22T22:00:43.732  INFO --- [   asgi_gw_0] localstack.request.http    : GET / => 200
2022-12-22T22:01:13.846  INFO --- [   asgi_gw_1] localstack.request.http    : GET / => 200
2022-12-22T22:01:44.058  INFO --- [   asgi_gw_0] localstack.request.http    : GET / => 200
2022-12-22T22:02:14.358  INFO --- [   asgi_gw_1] localstack.request.http    : GET / => 200
2022-12-22T22:02:44.852  INFO --- [   asgi_gw_0] localstack.request.http    : GET / => 200
2022-12-22T22:03:15.296  INFO --- [   asgi_gw_1] localstack.request.http    : GET / => 200
2022-12-22T22:03:16.878  INFO --- [   asgi_gw_0] localstack.request.aws     : AWS s3.GetBucketAcl => 200
2022-12-22T22:03:17.987  INFO --- [   asgi_gw_1] localstack.request.aws     : AWS s3.GetBucketAcl => 200
2022-12-22T22:03:45.489  INFO --- [   asgi_gw_0] localstack.request.http    : GET / => 200
2022-12-22T22:04:15.615  INFO --- [   asgi_gw_1] localstack.request.http    : GET / => 200
2022-12-22T22:04:45.755  INFO --- [   asgi_gw_0] localstack.request.http    : GET / => 200
2022-12-22T22:05:15.920  INFO --- [   asgi_gw_1] localstack.request.http    : GET / => 200
2022-12-22T22:05:46.093  INFO --- [   asgi_gw_0] localstack.request.http    : GET / => 200
2022-12-22T22:06:16.231  INFO --- [   asgi_gw_1] localstack.request.http    : GET / => 200
2022-12-22T22:06:46.446  INFO --- [   asgi_gw_0] localstack.request.http    : GET / => 200
2022-12-22T22:07:16.620  INFO --- [   asgi_gw_1] localstack.request.http    : GET / => 200
2022-12-22T22:07:46.765  INFO --- [   asgi_gw_0] localstack.request.http    : GET / => 200
2022-12-22T22:08:16.906  INFO --- [   asgi_gw_1] localstack.request.http    : GET / => 200
2022-12-22T22:08:47.058  INFO --- [   asgi_gw_0] localstack.request.http    : GET / => 200
2022-12-22T22:09:17.200  INFO --- [   asgi_gw_1] localstack.request.http    : GET / => 200
2022-12-22T22:09:47.336  INFO --- [   asgi_gw_0] localstack.request.http    : GET / => 200
2022-12-22T22:10:17.446  INFO --- [   asgi_gw_1] localstack.request.http    : GET / => 200
2022-12-22T22:10:47.576  INFO --- [   asgi_gw_0] localstack.request.http    : GET / => 200
2022-12-22T22:11:17.706  INFO --- [   asgi_gw_1] localstack.request.http    : GET / => 200
2022-12-22T22:11:47.866  INFO --- [   asgi_gw_0] localstack.request.http    : GET / => 200
2022-12-22T22:12:18.009  INFO --- [   asgi_gw_1] localstack.request.http    : GET / => 200
2022-12-22T22:12:48.373  INFO --- [   asgi_gw_0] localstack.request.http    : GET / => 200
2022-12-22T22:13:18.711  INFO --- [   asgi_gw_1] localstack.request.http    : GET / => 200
2022-12-22T22:13:49.468  INFO --- [   asgi_gw_0] localstack.request.http    : GET / => 200
2022-12-22T22:14:19.696  INFO --- [   asgi_gw_1] localstack.request.http    : GET / => 200
2022-12-22T22:14:49.877  INFO --- [   asgi_gw_0] localstack.request.http    : GET / => 200
2022-12-22T22:15:20.316  INFO --- [   asgi_gw_1] localstack.request.http    : GET / => 200
2022-12-22T22:15:50.687  INFO --- [   asgi_gw_0] localstack.request.http    : GET / => 200
2022-12-22T22:15:59.828  INFO --- [   asgi_gw_1] localstack.request.aws     : AWS s3.GetBucketAcl => 200
2022-12-22T22:16:00.994  INFO --- [   asgi_gw_0] localstack.request.aws     : AWS s3.GetBucketAcl => 200
2022-12-22T22:16:20.854  INFO --- [   asgi_gw_1] localstack.request.http    : GET / => 200
2022-12-22T22:16:50.985  INFO --- [   asgi_gw_0] localstack.request.http    : GET / => 200
2022-12-22T22:17:21.107  INFO --- [   asgi_gw_1] localstack.request.http    : GET / => 200
2022-12-22T22:17:51.296  INFO --- [   asgi_gw_0] localstack.request.http    : GET / => 200
2022-12-22T22:17:55.582  INFO --- [   asgi_gw_1] localstack.request.aws     : AWS s3.ListObjects => 200
2022-12-22T22:17:55.623  INFO --- [   asgi_gw_0] localstack.request.aws     : AWS s3.ListObjects => 200
2022-12-22T22:17:55.653  INFO --- [   asgi_gw_1] localstack.request.aws     : AWS s3.ListObjects => 200
2022-12-22T22:17:55.682  INFO --- [   asgi_gw_0] localstack.request.aws     : AWS s3.ListObjects => 200
2022-12-22T22:17:55.723  INFO --- [   asgi_gw_1] localstack.request.aws     : AWS s3.ListObjects => 200
2022-12-22T22:17:55.763  INFO --- [   asgi_gw_0] localstack.request.aws     : AWS s3.ListObjects => 200
2022-12-22T22:17:55.815  INFO --- [   asgi_gw_1] localstack.request.aws     : AWS s3.ListObjects => 200
2022-12-22T22:17:55.848  INFO --- [   asgi_gw_0] localstack.request.aws     : AWS s3.ListObjects => 200
2022-12-22T22:17:55.886  INFO --- [   asgi_gw_1] localstack.request.aws     : AWS s3.ListObjects => 200
2022-12-22T22:17:55.914  INFO --- [   asgi_gw_0] localstack.request.aws     : AWS s3.ListObjects => 200
2022-12-22T22:17:55.942  INFO --- [   asgi_gw_1] localstack.request.aws     : AWS s3.ListObjects => 200
2022-12-22T22:17:55.968  INFO --- [   asgi_gw_0] localstack.request.aws     : AWS s3.ListObjects => 200
2022-12-22T22:17:56.002  INFO --- [   asgi_gw_1] localstack.request.aws     : AWS s3.ListObjects => 200
2022-12-22T22:17:56.037  INFO --- [   asgi_gw_0] localstack.request.aws     : AWS s3.ListObjects => 200
2022-12-22T22:17:56.068  INFO --- [   asgi_gw_1] localstack.request.aws     : AWS s3.ListObjects => 200
2022-12-22T22:17:56.099  INFO --- [   asgi_gw_0] localstack.request.aws     : AWS s3.ListObjects => 200
2022-12-22T22:17:56.141  INFO --- [   asgi_gw_1] localstack.request.aws     : AWS s3.ListObjects => 200
2022-12-22T22:17:56.178  INFO --- [   asgi_gw_0] localstack.request.aws     : AWS s3.ListObjects => 200
2022-12-22T22:17:56.217  INFO --- [   asgi_gw_1] localstack.request.aws     : AWS s3.ListObjects => 200
2022-12-22T22:17:56.261  INFO --- [   asgi_gw_0] localstack.request.aws     : AWS s3.ListObjects => 200
2022-12-22T22:17:56.294  INFO --- [   asgi_gw_1] localstack.request.aws     : AWS s3.ListObjects => 200
2022-12-22T22:17:56.323  INFO --- [   asgi_gw_0] localstack.request.aws     : AWS s3.ListObjects => 200
2022-12-22T22:17:56.349  INFO --- [   asgi_gw_1] localstack.request.aws     : AWS s3.ListObjects => 200
2022-12-22T22:17:56.380  INFO --- [   asgi_gw_0] localstack.request.aws     : AWS s3.ListObjects => 200
2022-12-22T22:17:56.408  INFO --- [   asgi_gw_1] localstack.request.aws     : AWS s3.ListObjects => 200
2022-12-22T22:17:56.440  INFO --- [   asgi_gw_0] localstack.request.aws     : AWS s3.ListObjects => 200
2022-12-22T22:17:56.468  INFO --- [   asgi_gw_1] localstack.request.aws     : AWS s3.ListObjects => 200
2022-12-22T22:17:56.506  INFO --- [   asgi_gw_0] localstack.request.aws     : AWS s3.ListObjects => 200
2022-12-22T22:17:56.538  INFO --- [   asgi_gw_1] localstack.request.aws     : AWS s3.ListObjects => 200
2022-12-22T22:17:56.567  INFO --- [   asgi_gw_0] localstack.request.aws     : AWS s3.ListObjects => 200
2022-12-22T22:17:56.596  INFO --- [   asgi_gw_1] localstack.request.aws     : AWS s3.ListObjects => 200
2022-12-22T22:17:56.623  INFO --- [   asgi_gw_0] localstack.request.aws     : AWS s3.ListObjects => 200
2022-12-22T22:17:56.648  INFO --- [   asgi_gw_1] localstack.request.aws     : AWS s3.ListObjects => 200
2022-12-22T22:17:56.676  INFO --- [   asgi_gw_0] localstack.request.aws     : AWS s3.ListObjects => 200
2022-12-22T22:17:56.705  INFO --- [   asgi_gw_1] localstack.request.aws     : AWS s3.ListObjects => 200
2022-12-22T22:17:56.733  INFO --- [   asgi_gw_0] localstack.request.aws     : AWS s3.ListObjects => 200
2022-12-22T22:17:56.762  INFO --- [   asgi_gw_1] localstack.request.aws     : AWS s3.ListObjects => 200
2022-12-22T22:17:56.792  INFO --- [   asgi_gw_0] localstack.request.aws     : AWS s3.ListObjects => 200
2022-12-22T22:17:56.817  INFO --- [   asgi_gw_1] localstack.request.aws     : AWS s3.ListObjects => 200
2022-12-22T22:17:56.842  INFO --- [   asgi_gw_0] localstack.request.aws     : AWS s3.ListObjects => 200
2022-12-22T22:17:56.867  INFO --- [   asgi_gw_1] localstack.request.aws     : AWS s3.ListObjects => 200
2022-12-22T22:17:56.893  INFO --- [   asgi_gw_0] localstack.request.aws     : AWS s3.ListObjects => 200
2022-12-22T22:17:56.918  INFO --- [   asgi_gw_1] localstack.request.aws     : AWS s3.ListObjects => 200
2022-12-22T22:17:56.945  INFO --- [   asgi_gw_0] localstack.request.aws     : AWS s3.ListObjects => 200
2022-12-22T22:17:56.974  INFO --- [   asgi_gw_1] localstack.request.aws     : AWS s3.ListObjects => 200
2022-12-22T22:17:57.002  INFO --- [   asgi_gw_0] localstack.request.aws     : AWS s3.ListObjects => 200
2022-12-22T22:17:57.029  INFO --- [   asgi_gw_1] localstack.request.aws     : AWS s3.ListObjects => 200
2022-12-22T22:17:57.057  INFO --- [   asgi_gw_0] localstack.request.aws     : AWS s3.ListObjects => 200
2022-12-22T22:17:57.081  INFO --- [   asgi_gw_1] localstack.request.aws     : AWS s3.ListObjects => 200
2022-12-22T22:17:57.106  INFO --- [   asgi_gw_0] localstack.request.aws     : AWS s3.ListObjects => 200
2022-12-22T22:17:57.130  INFO --- [   asgi_gw_1] localstack.request.aws     : AWS s3.ListObjects => 200
2022-12-22T22:17:57.156  INFO --- [   asgi_gw_0] localstack.request.aws     : AWS s3.ListObjects => 200
2022-12-22T22:17:57.183  INFO --- [   asgi_gw_1] localstack.request.aws     : AWS s3.ListObjects => 200
2022-12-22T22:17:57.208  INFO --- [   asgi_gw_0] localstack.request.aws     : AWS s3.ListObjects => 200
2022-12-22T22:17:57.233  INFO --- [   asgi_gw_1] localstack.request.aws     : AWS s3.ListObjects => 200
2022-12-22T22:17:57.260  INFO --- [   asgi_gw_0] localstack.request.aws     : AWS s3.ListObjects => 200
2022-12-22T22:17:57.285  INFO --- [   asgi_gw_1] localstack.request.aws     : AWS s3.ListObjects => 200
2022-12-22T22:17:57.308  INFO --- [   asgi_gw_0] localstack.request.aws     : AWS s3.ListObjects => 200
2022-12-22T22:17:57.333  INFO --- [   asgi_gw_1] localstack.request.aws     : AWS s3.ListObjects => 200
2022-12-22T22:17:57.356  INFO --- [   asgi_gw_0] localstack.request.aws     : AWS s3.ListObjects => 200
2022-12-22T22:17:57.379  INFO --- [   asgi_gw_1] localstack.request.aws     : AWS s3.ListObjects => 200
2022-12-22T22:17:57.405  INFO --- [   asgi_gw_0] localstack.request.aws     : AWS s3.ListObjects => 200
2022-12-22T22:17:57.428  INFO --- [   asgi_gw_1] localstack.request.aws     : AWS s3.ListObjects => 200
2022-12-22T22:17:57.453  INFO --- [   asgi_gw_0] localstack.request.aws     : AWS s3.ListObjects => 200
2022-12-22T22:17:57.477  INFO --- [   asgi_gw_1] localstack.request.aws     : AWS s3.ListObjects => 200
2022-12-22T22:17:57.500  INFO --- [   asgi_gw_0] localstack.request.aws     : AWS s3.ListObjects => 200
2022-12-22T22:17:57.522  INFO --- [   asgi_gw_1] localstack.request.aws     : AWS s3.ListObjects => 200
2022-12-22T22:17:57.545  INFO --- [   asgi_gw_0] localstack.request.aws     : AWS s3.ListObjects => 200
2022-12-22T22:17:57.568  INFO --- [   asgi_gw_1] localstack.request.aws     : AWS s3.ListObjects => 200
2022-12-22T22:17:57.590  INFO --- [   asgi_gw_0] localstack.request.aws     : AWS s3.ListObjects => 200
2022-12-22T22:17:57.610  INFO --- [   asgi_gw_1] localstack.request.aws     : AWS s3.ListObjects => 200
2022-12-22T22:17:57.632  INFO --- [   asgi_gw_0] localstack.request.aws     : AWS s3.ListObjects => 200
2022-12-22T22:17:57.653  INFO --- [   asgi_gw_1] localstack.request.aws     : AWS s3.ListObjects => 200
2022-12-22T22:17:57.675  INFO --- [   asgi_gw_0] localstack.request.aws     : AWS s3.ListObjects => 200
2022-12-22T22:17:57.696  INFO --- [   asgi_gw_1] localstack.request.aws     : AWS s3.ListObjects => 200
2022-12-22T22:17:57.718  INFO --- [   asgi_gw_0] localstack.request.aws     : AWS s3.ListObjects => 200
2022-12-22T22:17:57.739  INFO --- [   asgi_gw_1] localstack.request.aws     : AWS s3.ListObjects => 200
2022-12-22T22:17:57.759  INFO --- [   asgi_gw_0] localstack.request.aws     : AWS s3.ListObjects => 200
2022-12-22T22:17:57.779  INFO --- [   asgi_gw_1] localstack.request.aws     : AWS s3.ListObjects => 200
2022-12-22T22:17:57.801  INFO --- [   asgi_gw_0] localstack.request.aws     : AWS s3.ListObjects => 200
2022-12-22T22:17:57.821  INFO --- [   asgi_gw_1] localstack.request.aws     : AWS s3.ListObjects => 200
2022-12-22T22:17:57.845  INFO --- [   asgi_gw_0] localstack.request.aws     : AWS s3.ListObjects => 200
2022-12-22T22:17:57.869  INFO --- [   asgi_gw_1] localstack.request.aws     : AWS s3.ListObjects => 200
2022-12-22T22:17:57.888  INFO --- [   asgi_gw_0] localstack.request.aws     : AWS s3.ListObjects => 200
2022-12-22T22:17:57.908  INFO --- [   asgi_gw_1] localstack.request.aws     : AWS s3.ListObjects => 200
2022-12-22T22:17:57.929  INFO --- [   asgi_gw_0] localstack.request.aws     : AWS s3.ListObjects => 200
2022-12-22T22:17:57.958  INFO --- [   asgi_gw_1] localstack.request.aws     : AWS s3.ListObjects => 200
2022-12-22T22:17:57.983  INFO --- [   asgi_gw_0] localstack.request.aws     : AWS s3.ListObjects => 200
2022-12-22T22:17:58.006  INFO --- [   asgi_gw_1] localstack.request.aws     : AWS s3.ListObjects => 200
2022-12-22T22:17:58.027  INFO --- [   asgi_gw_0] localstack.request.aws     : AWS s3.ListObjects => 200
2022-12-22T22:17:58.049  INFO --- [   asgi_gw_1] localstack.request.aws     : AWS s3.ListObjects => 200
2022-12-22T22:17:58.068  INFO --- [   asgi_gw_0] localstack.request.aws     : AWS s3.ListObjects => 200
2022-12-22T22:17:58.089  INFO --- [   asgi_gw_1] localstack.request.aws     : AWS s3.ListObjects => 200
2022-12-22T22:17:58.111  INFO --- [   asgi_gw_0] localstack.request.aws     : AWS s3.ListObjects => 200
2022-12-22T22:17:58.133  INFO --- [   asgi_gw_1] localstack.request.aws     : AWS s3.ListObjects => 200
2022-12-22T22:17:58.152  INFO --- [   asgi_gw_0] localstack.request.aws     : AWS s3.ListObjects => 200
2022-12-22T22:17:58.172  INFO --- [   asgi_gw_1] localstack.request.aws     : AWS s3.ListObjects => 200
2022-12-22T22:17:58.193  INFO --- [   asgi_gw_0] localstack.request.aws     : AWS s3.ListObjects => 200
2022-12-22T22:17:58.215  INFO --- [   asgi_gw_1] localstack.request.aws     : AWS s3.ListObjects => 200
2022-12-22T22:17:58.234  INFO --- [   asgi_gw_0] localstack.request.aws     : AWS s3.ListObjects => 200
2022-12-22T22:17:58.314  INFO --- [   asgi_gw_1] localstack.request.aws     : AWS s3.DeleteBucket => 204
2022-12-22T22:17:58.355  INFO --- [   asgi_gw_0] localstack.request.aws     : AWS s3.DeleteBucket => 204
2022-12-22T22:17:58.414  INFO --- [   asgi_gw_1] localstack.request.aws     : AWS s3.DeleteBucket => 404 (NoSuchBucket)
2022-12-22T22:18:21.472  INFO --- [   asgi_gw_0] localstack.request.http    : GET / => 200
2022-12-22T22:18:50.668  INFO --- [   asgi_gw_1] localstack.request.aws     : AWS s3.GetBucketAcl => 404 (NoSuchBucket)
2022-12-22T22:18:50.687  INFO --- [   asgi_gw_0] localstack.request.aws     : AWS s3.CreateBucket => 200
2022-12-22T22:18:51.586  INFO --- [   asgi_gw_1] localstack.request.http    : GET / => 200
2022-12-22T22:19:21.706  INFO --- [   asgi_gw_0] localstack.request.http    : GET / => 200
2022-12-22T22:19:51.814  INFO --- [   asgi_gw_1] localstack.request.http    : GET / => 200
2022-12-22T22:19:56.864  INFO --- [   asgi_gw_0] localstack.request.aws     : AWS s3.ListObjects => 404 (NoSuchBucket)
2022-12-22T22:20:21.940  INFO --- [   asgi_gw_1] localstack.request.http    : GET / => 200
2022-12-22T22:20:52.142  INFO --- [   asgi_gw_0] localstack.request.http    : GET / => 200
2022-12-22T22:21:22.260  INFO --- [   asgi_gw_1] localstack.request.http    : GET / => 200
2022-12-22T22:21:52.377  INFO --- [   asgi_gw_0] localstack.request.http    : GET / => 200
2022-12-22T22:22:22.548  INFO --- [   asgi_gw_1] localstack.request.http    : GET / => 200
2022-12-22T22:22:52.712  INFO --- [   asgi_gw_0] localstack.request.http    : GET / => 200
2022-12-22T22:23:22.899  INFO --- [   asgi_gw_1] localstack.request.http    : GET / => 200
2022-12-22T22:23:53.008  INFO --- [   asgi_gw_0] localstack.request.http    : GET / => 200
2022-12-22T22:24:23.203  INFO --- [   asgi_gw_1] localstack.request.http    : GET / => 200
2022-12-22T22:24:53.306  INFO --- [   asgi_gw_0] localstack.request.http    : GET / => 200
2022-12-22T22:25:23.426  INFO --- [   asgi_gw_1] localstack.request.http    : GET / => 200
2022-12-22T22:25:53.557  INFO --- [   asgi_gw_0] localstack.request.http    : GET / => 200
2022-12-22T22:26:23.729  INFO --- [   asgi_gw_1] localstack.request.http    : GET / => 200
2022-12-22T22:26:53.858  INFO --- [   asgi_gw_0] localstack.request.http    : GET / => 200
2022-12-22T22:27:23.968  INFO --- [   asgi_gw_1] localstack.request.http    : GET / => 200
2022-12-22T22:27:54.117  INFO --- [   asgi_gw_0] localstack.request.http    : GET / => 200
2022-12-22T22:28:24.281  INFO --- [   asgi_gw_1] localstack.request.http    : GET / => 200
2022-12-22T22:28:54.456  INFO --- [   asgi_gw_0] localstack.request.http    : GET / => 200
2022-12-22T22:29:24.616  INFO --- [   asgi_gw_1] localstack.request.http    : GET / => 200
2022-12-22T22:29:54.818  INFO --- [   asgi_gw_0] localstack.request.http    : GET / => 200
2022-12-22T22:30:25.066  INFO --- [   asgi_gw_1] localstack.request.http    : GET / => 200
2022-12-22T22:30:55.207  INFO --- [   asgi_gw_0] localstack.request.http    : GET / => 200
2022-12-22T22:31:25.904  INFO --- [   asgi_gw_1] localstack.request.http    : GET / => 200
2022-12-22T22:31:56.271  INFO --- [   asgi_gw_0] localstack.request.http    : GET / => 200
2022-12-22T22:31:57.302  INFO --- [   asgi_gw_1] localstack.request.aws     : AWS s3.GetBucketAcl => 404 (NoSuchBucket)
2022-12-22T22:31:57.774  INFO --- [   asgi_gw_0] localstack.request.aws     : AWS s3.CreateBucket => 200
2022-12-22T22:31:58.373  INFO --- [   asgi_gw_1] localstack.request.aws     : AWS s3.GetBucketAcl => 404 (NoSuchBucket)
2022-12-22T22:31:58.400  INFO --- [   asgi_gw_0] localstack.request.aws     : AWS s3.CreateBucket => 200
2022-12-22T22:32:26.440  INFO --- [   asgi_gw_1] localstack.request.http    : GET / => 200
2022-12-22T22:32:56.591  INFO --- [   asgi_gw_0] localstack.request.http    : GET / => 200
2022-12-22T22:33:26.687  INFO --- [   asgi_gw_1] localstack.request.http    : GET / => 200
2022-12-22T22:33:56.800  INFO --- [   asgi_gw_0] localstack.request.http    : GET / => 200
2022-12-22T22:34:26.937  INFO --- [   asgi_gw_1] localstack.request.http    : GET / => 200
2022-12-22T22:34:57.067  INFO --- [   asgi_gw_0] localstack.request.http    : GET / => 200
2022-12-22T22:35:27.231  INFO --- [   asgi_gw_1] localstack.request.http    : GET / => 200
2022-12-22T22:35:57.349  INFO --- [   asgi_gw_0] localstack.request.http    : GET / => 200
2022-12-22T22:36:27.484  INFO --- [   asgi_gw_1] localstack.request.http    : GET / => 200
2022-12-22T22:36:57.643  INFO --- [   asgi_gw_0] localstack.request.http    : GET / => 200
2022-12-22T22:37:27.879  INFO --- [   asgi_gw_1] localstack.request.http    : GET / => 200
2022-12-22T22:37:58.158  INFO --- [   asgi_gw_0] localstack.request.http    : GET / => 200
2022-12-22T22:38:28.439  INFO --- [   asgi_gw_1] localstack.request.http    : GET / => 200
2022-12-22T22:38:59.132  INFO --- [   asgi_gw_0] localstack.request.http    : GET / => 200
2022-12-22T22:39:29.752  INFO --- [   asgi_gw_1] localstack.request.http    : GET / => 200
2022-12-22T22:39:47.406  INFO --- [   asgi_gw_0] localstack.request.aws     : AWS s3.GetBucketAcl => 200
2022-12-22T22:39:48.124  INFO --- [   asgi_gw_1] localstack.request.aws     : AWS s3.GetBucketAcl => 200
2022-12-22T22:40:00.917  INFO --- [   asgi_gw_0] localstack.request.http    : GET / => 200
2022-12-22T22:40:31.155  INFO --- [   asgi_gw_1] localstack.request.http    : GET / => 200
2022-12-22T22:41:01.286  INFO --- [   asgi_gw_0] localstack.request.http    : GET / => 200
2022-12-22T22:41:31.446  INFO --- [   asgi_gw_1] localstack.request.http    : GET / => 200
2022-12-22T22:42:01.610  INFO --- [   asgi_gw_0] localstack.request.http    : GET / => 200
2022-12-22T22:42:31.791  INFO --- [   asgi_gw_1] localstack.request.http    : GET / => 200
2022-12-22T22:43:01.954  INFO --- [   asgi_gw_0] localstack.request.http    : GET / => 200
2022-12-22T22:43:32.101  INFO --- [   asgi_gw_1] localstack.request.http    : GET / => 200
2022-12-22T22:44:02.241  INFO --- [   asgi_gw_0] localstack.request.http    : GET / => 200
2022-12-22T22:44:32.441  INFO --- [   asgi_gw_1] localstack.request.http    : GET / => 200
2022-12-22T22:45:02.791  INFO --- [   asgi_gw_0] localstack.request.http    : GET / => 200
2022-12-22T22:45:33.270  INFO --- [   asgi_gw_1] localstack.request.http    : GET / => 200
2022-12-22T22:45:50.327  INFO --- [   asgi_gw_0] localstack.request.aws     : AWS s3.GetBucketAcl => 200
2022-12-22T22:45:50.975  INFO --- [   asgi_gw_1] localstack.request.aws     : AWS s3.GetBucketAcl => 200
2022-12-22T22:46:03.500  INFO --- [   asgi_gw_0] localstack.request.http    : GET / => 200
2022-12-22T22:46:33.644  INFO --- [   asgi_gw_1] localstack.request.http    : GET / => 200
2022-12-22T22:47:03.760  INFO --- [   asgi_gw_0] localstack.request.http    : GET / => 200
2022-12-22T22:47:33.911  INFO --- [   asgi_gw_1] localstack.request.http    : GET / => 200
2022-12-22T22:48:04.060  INFO --- [   asgi_gw_0] localstack.request.http    : GET / => 200
2022-12-22T22:48:34.193  INFO --- [   asgi_gw_1] localstack.request.http    : GET / => 200
2022-12-22T22:49:04.310  INFO --- [   asgi_gw_0] localstack.request.http    : GET / => 200
2022-12-22T22:49:34.454  INFO --- [   asgi_gw_1] localstack.request.http    : GET / => 200
2022-12-22T22:50:04.594  INFO --- [   asgi_gw_0] localstack.request.http    : GET / => 200
2022-12-22T22:50:34.713  INFO --- [   asgi_gw_1] localstack.request.http    : GET / => 200
2022-12-22T22:51:04.837  INFO --- [   asgi_gw_0] localstack.request.http    : GET / => 200
2022-12-22T22:51:35.011  INFO --- [   asgi_gw_1] localstack.request.http    : GET / => 200
2022-12-22T22:52:05.153  INFO --- [   asgi_gw_0] localstack.request.http    : GET / => 200
2022-12-22T22:52:35.310  INFO --- [   asgi_gw_1] localstack.request.http    : GET / => 200
2022-12-22T22:53:05.539  INFO --- [   asgi_gw_0] localstack.request.http    : GET / => 200
2022-12-22T22:53:35.697  INFO --- [   asgi_gw_1] localstack.request.http    : GET / => 200
2022-12-22T22:54:05.812  INFO --- [   asgi_gw_0] localstack.request.http    : GET / => 200
2022-12-22T22:54:35.957  INFO --- [   asgi_gw_1] localstack.request.http    : GET / => 200
2022-12-22T22:55:06.133  INFO --- [   asgi_gw_0] localstack.request.http    : GET / => 200
2022-12-22T22:55:36.497  INFO --- [   asgi_gw_1] localstack.request.http    : GET / => 200
2022-12-22T22:56:06.987  INFO --- [   asgi_gw_0] localstack.request.http    : GET / => 200
2022-12-22T22:56:22.087  INFO --- [   asgi_gw_1] localstack.request.aws     : AWS s3.GetBucketAcl => 200
2022-12-22T22:56:23.338  INFO --- [   asgi_gw_0] localstack.request.aws     : AWS s3.GetBucketAcl => 200
2022-12-22T22:56:37.244  INFO --- [   asgi_gw_1] localstack.request.http    : GET / => 200
2022-12-22T22:57:07.387  INFO --- [   asgi_gw_0] localstack.request.http    : GET / => 200
2022-12-22T22:57:37.492  INFO --- [   asgi_gw_1] localstack.request.http    : GET / => 200
2022-12-22T22:58:07.601  INFO --- [   asgi_gw_0] localstack.request.http    : GET / => 200
2022-12-22T22:58:37.724  INFO --- [   asgi_gw_1] localstack.request.http    : GET / => 200
2022-12-22T22:59:07.812  INFO --- [   asgi_gw_0] localstack.request.http    : GET / => 200
2022-12-22T22:59:37.969  INFO --- [   asgi_gw_1] localstack.request.http    : GET / => 200
2022-12-22T23:00:08.093  INFO --- [   asgi_gw_0] localstack.request.http    : GET / => 200
2022-12-22T23:00:38.214  INFO --- [   asgi_gw_1] localstack.request.http    : GET / => 200
2022-12-22T23:01:08.457  INFO --- [   asgi_gw_0] localstack.request.http    : GET / => 200
2022-12-22T23:01:38.729  INFO --- [   asgi_gw_1] localstack.request.http    : GET / => 200
2022-12-22T23:02:08.991  INFO --- [   asgi_gw_0] localstack.request.http    : GET / => 200
2022-12-22T23:02:39.451  INFO --- [   asgi_gw_1] localstack.request.http    : GET / => 200
2022-12-22T23:03:09.622  INFO --- [   asgi_gw_0] localstack.request.http    : GET / => 200
2022-12-22T23:03:39.727  INFO --- [   asgi_gw_1] localstack.request.http    : GET / => 200
2022-12-22T23:04:09.853  INFO --- [   asgi_gw_0] localstack.request.http    : GET / => 200
2022-12-22T23:04:40.007  INFO --- [   asgi_gw_1] localstack.request.http    : GET / => 200
2022-12-22T23:05:10.115  INFO --- [   asgi_gw_0] localstack.request.http    : GET / => 200
2022-12-22T23:05:40.262  INFO --- [   asgi_gw_1] localstack.request.http    : GET / => 200
2022-12-22T23:06:10.367  INFO --- [   asgi_gw_0] localstack.request.http    : GET / => 200
2022-12-22T23:06:40.533  INFO --- [   asgi_gw_1] localstack.request.http    : GET / => 200
2022-12-22T23:07:10.668  INFO --- [   asgi_gw_0] localstack.request.http    : GET / => 200
2022-12-22T23:07:40.774  INFO --- [   asgi_gw_1] localstack.request.http    : GET / => 200
2022-12-22T23:08:10.945  INFO --- [   asgi_gw_0] localstack.request.http    : GET / => 200
2022-12-22T23:08:41.093  INFO --- [   asgi_gw_1] localstack.request.http    : GET / => 200
2022-12-22T23:09:11.245  INFO --- [   asgi_gw_0] localstack.request.http    : GET / => 200
2022-12-22T23:09:41.370  INFO --- [   asgi_gw_1] localstack.request.http    : GET / => 200
2022-12-22T23:10:11.503  INFO --- [   asgi_gw_0] localstack.request.http    : GET / => 200
2022-12-22T23:10:41.616  INFO --- [   asgi_gw_1] localstack.request.http    : GET / => 200
2022-12-22T23:11:11.737  INFO --- [   asgi_gw_0] localstack.request.http    : GET / => 200
2022-12-22T23:11:41.846  INFO --- [   asgi_gw_1] localstack.request.http    : GET / => 200
2022-12-22T23:12:11.969  INFO --- [   asgi_gw_0] localstack.request.http    : GET / => 200
2022-12-22T23:12:17.568  INFO --- [   asgi_gw_1] localstack.request.aws     : AWS s3.ListObjects => 200
2022-12-22T23:12:17.587  INFO --- [   asgi_gw_0] localstack.request.aws     : AWS s3.ListObjects => 200
2022-12-22T23:12:17.603  INFO --- [   asgi_gw_1] localstack.request.aws     : AWS s3.ListObjects => 200
2022-12-22T23:12:17.619  INFO --- [   asgi_gw_0] localstack.request.aws     : AWS s3.ListObjects => 200
2022-12-22T23:12:17.641  INFO --- [   asgi_gw_1] localstack.request.aws     : AWS s3.ListObjects => 200
2022-12-22T23:12:17.660  INFO --- [   asgi_gw_0] localstack.request.aws     : AWS s3.ListObjects => 200
2022-12-22T23:12:17.677  INFO --- [   asgi_gw_1] localstack.request.aws     : AWS s3.ListObjects => 200
2022-12-22T23:12:17.693  INFO --- [   asgi_gw_0] localstack.request.aws     : AWS s3.ListObjects => 200
2022-12-22T23:12:17.709  INFO --- [   asgi_gw_1] localstack.request.aws     : AWS s3.ListObjects => 200
2022-12-22T23:12:17.728  INFO --- [   asgi_gw_0] localstack.request.aws     : AWS s3.ListObjects => 200
2022-12-22T23:12:17.744  INFO --- [   asgi_gw_1] localstack.request.aws     : AWS s3.ListObjects => 200
2022-12-22T23:12:17.767  INFO --- [   asgi_gw_0] localstack.request.aws     : AWS s3.ListObjects => 200
2022-12-22T23:12:17.787  INFO --- [   asgi_gw_1] localstack.request.aws     : AWS s3.ListObjects => 200
2022-12-22T23:12:17.804  INFO --- [   asgi_gw_0] localstack.request.aws     : AWS s3.ListObjects => 200
2022-12-22T23:12:17.819  INFO --- [   asgi_gw_1] localstack.request.aws     : AWS s3.ListObjects => 200
2022-12-22T23:12:17.834  INFO --- [   asgi_gw_0] localstack.request.aws     : AWS s3.ListObjects => 200
2022-12-22T23:12:17.849  INFO --- [   asgi_gw_1] localstack.request.aws     : AWS s3.ListObjects => 200
2022-12-22T23:12:17.864  INFO --- [   asgi_gw_0] localstack.request.aws     : AWS s3.ListObjects => 200
2022-12-22T23:12:17.879  INFO --- [   asgi_gw_1] localstack.request.aws     : AWS s3.ListObjects => 200
2022-12-22T23:12:17.894  INFO --- [   asgi_gw_0] localstack.request.aws     : AWS s3.ListObjects => 200
2022-12-22T23:12:17.910  INFO --- [   asgi_gw_1] localstack.request.aws     : AWS s3.ListObjects => 200
2022-12-22T23:12:17.926  INFO --- [   asgi_gw_0] localstack.request.aws     : AWS s3.ListObjects => 200
2022-12-22T23:12:17.940  INFO --- [   asgi_gw_1] localstack.request.aws     : AWS s3.ListObjects => 200
2022-12-22T23:12:17.956  INFO --- [   asgi_gw_0] localstack.request.aws     : AWS s3.ListObjects => 200
2022-12-22T23:12:17.974  INFO --- [   asgi_gw_1] localstack.request.aws     : AWS s3.ListObjects => 200
2022-12-22T23:12:17.989  INFO --- [   asgi_gw_0] localstack.request.aws     : AWS s3.ListObjects => 200
2022-12-22T23:12:18.005  INFO --- [   asgi_gw_1] localstack.request.aws     : AWS s3.ListObjects => 200
2022-12-22T23:12:18.020  INFO --- [   asgi_gw_0] localstack.request.aws     : AWS s3.ListObjects => 200
2022-12-22T23:12:18.036  INFO --- [   asgi_gw_1] localstack.request.aws     : AWS s3.ListObjects => 200
2022-12-22T23:12:18.052  INFO --- [   asgi_gw_0] localstack.request.aws     : AWS s3.ListObjects => 200
2022-12-22T23:12:18.068  INFO --- [   asgi_gw_1] localstack.request.aws     : AWS s3.ListObjects => 200
2022-12-22T23:12:18.083  INFO --- [   asgi_gw_0] localstack.request.aws     : AWS s3.ListObjects => 200
2022-12-22T23:12:18.098  INFO --- [   asgi_gw_1] localstack.request.aws     : AWS s3.ListObjects => 200
2022-12-22T23:12:18.115  INFO --- [   asgi_gw_0] localstack.request.aws     : AWS s3.ListObjects => 200
2022-12-22T23:12:18.130  INFO --- [   asgi_gw_1] localstack.request.aws     : AWS s3.ListObjects => 200
2022-12-22T23:12:18.147  INFO --- [   asgi_gw_0] localstack.request.aws     : AWS s3.ListObjects => 200
2022-12-22T23:12:18.162  INFO --- [   asgi_gw_1] localstack.request.aws     : AWS s3.ListObjects => 200
2022-12-22T23:12:18.177  INFO --- [   asgi_gw_0] localstack.request.aws     : AWS s3.ListObjects => 200
2022-12-22T23:12:18.193  INFO --- [   asgi_gw_1] localstack.request.aws     : AWS s3.ListObjects => 200
2022-12-22T23:12:18.207  INFO --- [   asgi_gw_0] localstack.request.aws     : AWS s3.ListObjects => 200
2022-12-22T23:12:18.223  INFO --- [   asgi_gw_1] localstack.request.aws     : AWS s3.ListObjects => 200
2022-12-22T23:12:18.239  INFO --- [   asgi_gw_0] localstack.request.aws     : AWS s3.ListObjects => 200
2022-12-22T23:12:18.256  INFO --- [   asgi_gw_1] localstack.request.aws     : AWS s3.ListObjects => 200
2022-12-22T23:12:18.273  INFO --- [   asgi_gw_0] localstack.request.aws     : AWS s3.ListObjects => 200
2022-12-22T23:12:18.289  INFO --- [   asgi_gw_1] localstack.request.aws     : AWS s3.ListObjects => 200
2022-12-22T23:12:18.305  INFO --- [   asgi_gw_0] localstack.request.aws     : AWS s3.ListObjects => 200
2022-12-22T23:12:18.320  INFO --- [   asgi_gw_1] localstack.request.aws     : AWS s3.ListObjects => 200
2022-12-22T23:12:18.336  INFO --- [   asgi_gw_0] localstack.request.aws     : AWS s3.ListObjects => 200
2022-12-22T23:12:18.351  INFO --- [   asgi_gw_1] localstack.request.aws     : AWS s3.ListObjects => 200
2022-12-22T23:12:18.368  INFO --- [   asgi_gw_0] localstack.request.aws     : AWS s3.ListObjects => 200
2022-12-22T23:12:18.383  INFO --- [   asgi_gw_1] localstack.request.aws     : AWS s3.ListObjects => 200
2022-12-22T23:12:18.399  INFO --- [   asgi_gw_0] localstack.request.aws     : AWS s3.ListObjects => 200
2022-12-22T23:12:18.415  INFO --- [   asgi_gw_1] localstack.request.aws     : AWS s3.ListObjects => 200
2022-12-22T23:12:18.433  INFO --- [   asgi_gw_0] localstack.request.aws     : AWS s3.ListObjects => 200
2022-12-22T23:12:18.448  INFO --- [   asgi_gw_1] localstack.request.aws     : AWS s3.ListObjects => 200
2022-12-22T23:12:18.463  INFO --- [   asgi_gw_0] localstack.request.aws     : AWS s3.ListObjects => 200
2022-12-22T23:12:18.479  INFO --- [   asgi_gw_1] localstack.request.aws     : AWS s3.ListObjects => 200
2022-12-22T23:12:18.495  INFO --- [   asgi_gw_0] localstack.request.aws     : AWS s3.ListObjects => 200
2022-12-22T23:12:18.512  INFO --- [   asgi_gw_1] localstack.request.aws     : AWS s3.ListObjects => 200
2022-12-22T23:12:18.528  INFO --- [   asgi_gw_0] localstack.request.aws     : AWS s3.ListObjects => 200
2022-12-22T23:12:18.545  INFO --- [   asgi_gw_1] localstack.request.aws     : AWS s3.ListObjects => 200
2022-12-22T23:12:18.561  INFO --- [   asgi_gw_0] localstack.request.aws     : AWS s3.ListObjects => 200
2022-12-22T23:12:18.578  INFO --- [   asgi_gw_1] localstack.request.aws     : AWS s3.ListObjects => 200
2022-12-22T23:12:18.595  INFO --- [   asgi_gw_0] localstack.request.aws     : AWS s3.ListObjects => 200
2022-12-22T23:12:18.610  INFO --- [   asgi_gw_1] localstack.request.aws     : AWS s3.ListObjects => 200
2022-12-22T23:12:18.626  INFO --- [   asgi_gw_0] localstack.request.aws     : AWS s3.ListObjects => 200
2022-12-22T23:12:18.642  INFO --- [   asgi_gw_1] localstack.request.aws     : AWS s3.ListObjects => 200
2022-12-22T23:12:18.658  INFO --- [   asgi_gw_0] localstack.request.aws     : AWS s3.ListObjects => 200
2022-12-22T23:12:18.673  INFO --- [   asgi_gw_1] localstack.request.aws     : AWS s3.ListObjects => 200
2022-12-22T23:12:18.688  INFO --- [   asgi_gw_0] localstack.request.aws     : AWS s3.ListObjects => 200
2022-12-22T23:12:18.706  INFO --- [   asgi_gw_1] localstack.request.aws     : AWS s3.ListObjects => 200
2022-12-22T23:12:18.722  INFO --- [   asgi_gw_0] localstack.request.aws     : AWS s3.ListObjects => 200
2022-12-22T23:12:18.739  INFO --- [   asgi_gw_1] localstack.request.aws     : AWS s3.ListObjects => 200
2022-12-22T23:12:18.755  INFO --- [   asgi_gw_0] localstack.request.aws     : AWS s3.ListObjects => 200
2022-12-22T23:12:18.770  INFO --- [   asgi_gw_1] localstack.request.aws     : AWS s3.ListObjects => 200
2022-12-22T23:12:18.786  INFO --- [   asgi_gw_0] localstack.request.aws     : AWS s3.ListObjects => 200
2022-12-22T23:12:18.801  INFO --- [   asgi_gw_1] localstack.request.aws     : AWS s3.ListObjects => 200
2022-12-22T23:12:18.817  INFO --- [   asgi_gw_0] localstack.request.aws     : AWS s3.ListObjects => 200
2022-12-22T23:12:18.834  INFO --- [   asgi_gw_1] localstack.request.aws     : AWS s3.ListObjects => 200
2022-12-22T23:12:18.849  INFO --- [   asgi_gw_0] localstack.request.aws     : AWS s3.ListObjects => 200
2022-12-22T23:12:18.864  INFO --- [   asgi_gw_1] localstack.request.aws     : AWS s3.ListObjects => 200
2022-12-22T23:12:18.878  INFO --- [   asgi_gw_0] localstack.request.aws     : AWS s3.ListObjects => 200
2022-12-22T23:12:18.894  INFO --- [   asgi_gw_1] localstack.request.aws     : AWS s3.ListObjects => 200
2022-12-22T23:12:18.909  INFO --- [   asgi_gw_0] localstack.request.aws     : AWS s3.ListObjects => 200
2022-12-22T23:12:18.924  INFO --- [   asgi_gw_1] localstack.request.aws     : AWS s3.ListObjects => 200
2022-12-22T23:12:18.942  INFO --- [   asgi_gw_0] localstack.request.aws     : AWS s3.ListObjects => 200
2022-12-22T23:12:18.956  INFO --- [   asgi_gw_1] localstack.request.aws     : AWS s3.ListObjects => 200
2022-12-22T23:12:18.973  INFO --- [   asgi_gw_0] localstack.request.aws     : AWS s3.ListObjects => 200
2022-12-22T23:12:18.988  INFO --- [   asgi_gw_1] localstack.request.aws     : AWS s3.ListObjects => 200
2022-12-22T23:12:19.002  INFO --- [   asgi_gw_0] localstack.request.aws     : AWS s3.ListObjects => 200
2022-12-22T23:12:19.017  INFO --- [   asgi_gw_1] localstack.request.aws     : AWS s3.ListObjects => 200
2022-12-22T23:12:19.031  INFO --- [   asgi_gw_0] localstack.request.aws     : AWS s3.ListObjects => 200
2022-12-22T23:12:19.047  INFO --- [   asgi_gw_1] localstack.request.aws     : AWS s3.ListObjects => 200
2022-12-22T23:12:19.061  INFO --- [   asgi_gw_0] localstack.request.aws     : AWS s3.ListObjects => 200
2022-12-22T23:12:19.076  INFO --- [   asgi_gw_1] localstack.request.aws     : AWS s3.ListObjects => 200
2022-12-22T23:12:19.089  INFO --- [   asgi_gw_0] localstack.request.aws     : AWS s3.ListObjects => 200
2022-12-22T23:12:19.105  INFO --- [   asgi_gw_1] localstack.request.aws     : AWS s3.ListObjects => 200
2022-12-22T23:12:19.119  INFO --- [   asgi_gw_0] localstack.request.aws     : AWS s3.ListObjects => 200
2022-12-22T23:12:19.133  INFO --- [   asgi_gw_1] localstack.request.aws     : AWS s3.ListObjects => 200
2022-12-22T23:12:19.148  INFO --- [   asgi_gw_0] localstack.request.aws     : AWS s3.ListObjects => 200
2022-12-22T23:12:19.163  INFO --- [   asgi_gw_1] localstack.request.aws     : AWS s3.ListObjects => 200
2022-12-22T23:12:19.177  INFO --- [   asgi_gw_0] localstack.request.aws     : AWS s3.ListObjects => 200
2022-12-22T23:12:19.191  INFO --- [   asgi_gw_1] localstack.request.aws     : AWS s3.ListObjects => 200
2022-12-22T23:12:19.205  INFO --- [   asgi_gw_0] localstack.request.aws     : AWS s3.ListObjects => 200
2022-12-22T23:12:19.220  INFO --- [   asgi_gw_1] localstack.request.aws     : AWS s3.ListObjects => 200
2022-12-22T23:12:19.235  INFO --- [   asgi_gw_0] localstack.request.aws     : AWS s3.ListObjects => 200
2022-12-22T23:12:19.250  INFO --- [   asgi_gw_1] localstack.request.aws     : AWS s3.ListObjects => 200
2022-12-22T23:12:19.264  INFO --- [   asgi_gw_0] localstack.request.aws     : AWS s3.ListObjects => 200
2022-12-22T23:12:19.279  INFO --- [   asgi_gw_1] localstack.request.aws     : AWS s3.ListObjects => 200
2022-12-22T23:12:19.368  INFO --- [   asgi_gw_0] localstack.request.aws     : AWS s3.DeleteBucket => 204
2022-12-22T23:12:19.398  INFO --- [   asgi_gw_1] localstack.request.aws     : AWS s3.DeleteBucket => 204
2022-12-22T23:12:19.454  INFO --- [   asgi_gw_0] localstack.request.aws     : AWS s3.DeleteBucket => 404 (NoSuchBucket)
2022-12-22T23:12:41.251  INFO --- [   asgi_gw_1] localstack.request.aws     : AWS s3.ListObjects => 404 (NoSuchBucket)
2022-12-22T23:12:42.064  INFO --- [   asgi_gw_0] localstack.request.http    : GET / => 200
2022-12-22T23:13:12.175  INFO --- [   asgi_gw_1] localstack.request.http    : GET / => 200
2022-12-22T23:13:18.173  INFO --- [   asgi_gw_0] localstack.request.aws     : AWS s3.ListObjects => 404 (NoSuchBucket)
2022-12-22T23:13:20.968  INFO --- [   asgi_gw_1] localstack.request.aws     : AWS s3.ListObjects => 404 (NoSuchBucket)
2022-12-22T23:13:42.289  INFO --- [   asgi_gw_0] localstack.request.http    : GET / => 200
2022-12-22T23:14:12.460  INFO --- [   asgi_gw_1] localstack.request.http    : GET / => 200
2022-12-22T23:14:42.586  INFO --- [   asgi_gw_0] localstack.request.http    : GET / => 200
2022-12-22T23:15:12.717  INFO --- [   asgi_gw_1] localstack.request.http    : GET / => 200
2022-12-22T23:15:42.844  INFO --- [   asgi_gw_0] localstack.request.http    : GET / => 200
2022-12-22T23:16:12.999  INFO --- [   asgi_gw_1] localstack.request.http    : GET / => 200
2022-12-22T23:16:43.158  INFO --- [   asgi_gw_0] localstack.request.http    : GET / => 200
2022-12-22T23:17:13.301  INFO --- [   asgi_gw_1] localstack.request.http    : GET / => 200
2022-12-22T23:17:43.516  INFO --- [   asgi_gw_0] localstack.request.http    : GET / => 200
2022-12-22T23:18:13.626  INFO --- [   asgi_gw_1] localstack.request.http    : GET / => 200
2022-12-22T23:18:44.035  INFO --- [   asgi_gw_0] localstack.request.http    : GET / => 200
2022-12-22T23:19:14.648  INFO --- [   asgi_gw_1] localstack.request.http    : GET / => 200
2022-12-22T23:19:29.306  INFO --- [   asgi_gw_1] localstack.request.aws     : AWS s3.ListBuckets => 200
2022-12-22T23:19:29.664  INFO --- [   asgi_gw_0] localstack.request.aws     : AWS s3.DeleteBucket => 204
2022-12-22T23:19:31.654  INFO --- [   asgi_gw_1] localstack.request.aws     : AWS s3.GetBucketAcl => 404 (NoSuchBucket)
2022-12-22T23:19:32.036  INFO --- [   asgi_gw_0] localstack.request.aws     : AWS s3.CreateBucket => 200
2022-12-22T23:19:32.227  INFO --- [   asgi_gw_1] localstack.request.aws     : AWS s3.GetBucketAcl => 404 (NoSuchBucket)
2022-12-22T23:19:32.256  INFO --- [   asgi_gw_0] localstack.request.aws     : AWS s3.CreateBucket => 200
2022-12-22T23:19:44.887  INFO --- [   asgi_gw_1] localstack.request.http    : GET / => 200
2022-12-22T23:20:15.023  INFO --- [   asgi_gw_0] localstack.request.http    : GET / => 200
2022-12-22T23:20:45.162  INFO --- [   asgi_gw_1] localstack.request.http    : GET / => 200
2022-12-22T23:21:13.906  INFO --- [   asgi_gw_0] localstack.request.aws     : AWS s3.ListObjects => 200
2022-12-22T23:21:14.307  INFO --- [   asgi_gw_1] localstack.request.aws     : AWS s3.PutObject => 200
2022-12-22T23:21:15.153  INFO --- [   asgi_gw_0] localstack.request.aws     : AWS s3.GetObject => 200
2022-12-22T23:21:15.323  INFO --- [   asgi_gw_1] localstack.request.http    : GET / => 200
2022-12-22T23:21:16.144  INFO --- [   asgi_gw_0] localstack.request.aws     : AWS s3.GetObject => 200
2022-12-22T23:21:16.233  INFO --- [   asgi_gw_1] localstack.request.aws     : AWS s3.ListObjects => 200
2022-12-22T23:21:16.418  INFO --- [   asgi_gw_0] localstack.request.aws     : AWS s3.PutObject => 200
2022-12-22T23:21:16.501  INFO --- [   asgi_gw_1] localstack.request.aws     : AWS s3.DeleteObject => 204
2022-12-22T23:21:45.497  INFO --- [   asgi_gw_0] localstack.request.http    : GET / => 200
2022-12-22T23:22:15.647  INFO --- [   asgi_gw_1] localstack.request.http    : GET / => 200
2022-12-22T23:22:18.870  INFO --- [   asgi_gw_0] localstack.request.aws     : AWS s3.GetBucketAcl => 404 (NoSuchBucket)
2022-12-22T23:22:18.886  INFO --- [   asgi_gw_1] localstack.request.aws     : AWS s3.CreateBucket => 200
2022-12-22T23:22:45.791  INFO --- [   asgi_gw_0] localstack.request.http    : GET / => 200
2022-12-22T23:23:15.951  INFO --- [   asgi_gw_1] localstack.request.http    : GET / => 200
2022-12-22T23:23:20.539  INFO --- [   asgi_gw_0] localstack.request.aws     : AWS s3.ListObjects => 200
2022-12-22T23:23:20.572  INFO --- [   asgi_gw_1] localstack.request.aws     : AWS s3.ListObjects => 200
2022-12-22T23:23:20.595  INFO --- [   asgi_gw_0] localstack.request.aws     : AWS s3.ListObjects => 200
2022-12-22T23:23:20.717  INFO --- [   asgi_gw_1] localstack.request.aws     : AWS s3.DeleteObject => 204
2022-12-22T23:23:20.749  INFO --- [   asgi_gw_0] localstack.request.aws     : AWS s3.DeleteBucket => 204
2022-12-22T23:23:20.784  INFO --- [   asgi_gw_1] localstack.request.aws     : AWS s3.DeleteBucket => 204
2022-12-22T23:23:20.816  INFO --- [   asgi_gw_0] localstack.request.aws     : AWS s3.DeleteBucket => 204
2022-12-22T23:23:29.346  INFO --- [   asgi_gw_1] localstack.request.aws     : AWS s3.GetBucketAcl => 404 (NoSuchBucket)
2022-12-22T23:23:29.361  INFO --- [   asgi_gw_0] localstack.request.aws     : AWS s3.CreateBucket => 200
2022-12-22T23:23:46.044  INFO --- [   asgi_gw_1] localstack.request.http    : GET / => 200
2022-12-22T23:24:16.245  INFO --- [   asgi_gw_0] localstack.request.http    : GET / => 200
2022-12-22T23:24:46.391  INFO --- [   asgi_gw_1] localstack.request.http    : GET / => 200
2022-12-22T23:25:16.528  INFO --- [   asgi_gw_0] localstack.request.http    : GET / => 200
2022-12-22T23:25:46.682  INFO --- [   asgi_gw_1] localstack.request.http    : GET / => 200
2022-12-22T23:26:16.787  INFO --- [   asgi_gw_0] localstack.request.http    : GET / => 200
2022-12-22T23:26:46.898  INFO --- [   asgi_gw_1] localstack.request.http    : GET / => 200
2022-12-22T23:27:17.005  INFO --- [   asgi_gw_0] localstack.request.http    : GET / => 200
2022-12-22T23:27:47.146  INFO --- [   asgi_gw_1] localstack.request.http    : GET / => 200
2022-12-22T23:28:17.271  INFO --- [   asgi_gw_0] localstack.request.http    : GET / => 200
2022-12-22T23:28:47.388  INFO --- [   asgi_gw_1] localstack.request.http    : GET / => 200
2022-12-22T23:29:17.508  INFO --- [   asgi_gw_0] localstack.request.http    : GET / => 200
2022-12-22T23:29:47.618  INFO --- [   asgi_gw_1] localstack.request.http    : GET / => 200
2022-12-22T23:30:17.759  INFO --- [   asgi_gw_0] localstack.request.http    : GET / => 200
2022-12-22T23:30:47.908  INFO --- [   asgi_gw_1] localstack.request.http    : GET / => 200
2022-12-22T23:31:18.017  INFO --- [   asgi_gw_0] localstack.request.http    : GET / => 200
2022-12-22T23:31:48.209  INFO --- [   asgi_gw_1] localstack.request.http    : GET / => 200
2022-12-22T23:32:18.335  INFO --- [   asgi_gw_0] localstack.request.http    : GET / => 200
2022-12-22T23:32:48.772  INFO --- [   asgi_gw_1] localstack.request.http    : GET / => 200
2022-12-22T23:33:19.301  INFO --- [   asgi_gw_0] localstack.request.http    : GET / => 200
2022-12-22T23:33:49.418  INFO --- [   asgi_gw_1] localstack.request.http    : GET / => 200
2022-12-22T23:34:19.595  INFO --- [   asgi_gw_0] localstack.request.http    : GET / => 200
2022-12-22T23:34:50.719  INFO --- [   asgi_gw_1] localstack.request.http    : GET / => 200
2022-12-22T23:35:21.450  INFO --- [   asgi_gw_0] localstack.request.http    : GET / => 200
2022-12-22T23:35:52.042  INFO --- [   asgi_gw_1] localstack.request.http    : GET / => 200
2022-12-22T23:35:58.510  INFO --- [   asgi_gw_0] localstack.request.aws     : AWS s3.ListBuckets => 200
2022-12-22T23:35:58.882  INFO --- [   asgi_gw_1] localstack.request.aws     : AWS s3.DeleteBucket => 204
2022-12-22T23:36:00.789  INFO --- [   asgi_gw_0] localstack.request.aws     : AWS s3.GetBucketAcl => 404 (NoSuchBucket)
2022-12-22T23:36:01.323  INFO --- [   asgi_gw_1] localstack.request.aws     : AWS s3.CreateBucket => 200
2022-12-22T23:36:01.597  INFO --- [   asgi_gw_0] localstack.request.aws     : AWS s3.GetBucketAcl => 404 (NoSuchBucket)
2022-12-22T23:36:01.646  INFO --- [   asgi_gw_1] localstack.request.aws     : AWS s3.CreateBucket => 200
2022-12-22T23:36:22.470  INFO --- [   asgi_gw_0] localstack.request.http    : GET / => 200
2022-12-22T23:36:52.673  INFO --- [   asgi_gw_1] localstack.request.http    : GET / => 200
2022-12-22T23:37:22.823  INFO --- [   asgi_gw_0] localstack.request.http    : GET / => 200
2022-12-22T23:37:52.959  INFO --- [   asgi_gw_1] localstack.request.http    : GET / => 200
2022-12-22T23:38:23.080  INFO --- [   asgi_gw_0] localstack.request.http    : GET / => 200
2022-12-22T23:38:53.227  INFO --- [   asgi_gw_1] localstack.request.http    : GET / => 200
2022-12-22T23:39:23.362  INFO --- [   asgi_gw_0] localstack.request.http    : GET / => 200
2022-12-22T23:39:53.541  INFO --- [   asgi_gw_1] localstack.request.http    : GET / => 200
2022-12-22T23:40:23.702  INFO --- [   asgi_gw_0] localstack.request.http    : GET / => 200
2022-12-22T23:40:53.821  INFO --- [   asgi_gw_1] localstack.request.http    : GET / => 200
2022-12-22T23:41:23.940  INFO --- [   asgi_gw_0] localstack.request.http    : GET / => 200
2022-12-22T23:41:39.103  INFO --- [   asgi_gw_1] localstack.request.aws     : AWS s3.GetObject => 404 (NoSuchKey)
2022-12-22T23:41:39.314  INFO --- [   asgi_gw_0] localstack.request.aws     : AWS s3.GetObject => 404 (NoSuchKey)
2022-12-22T23:41:39.815  INFO --- [   asgi_gw_1] localstack.request.aws     : AWS s3.GetObject => 404 (NoSuchKey)
2022-12-22T23:41:40.319  INFO --- [   asgi_gw_0] localstack.request.aws     : AWS s3.GetObject => 404 (NoSuchKey)
2022-12-22T23:41:40.820  INFO --- [   asgi_gw_1] localstack.request.aws     : AWS s3.GetObject => 404 (NoSuchKey)
2022-12-22T23:41:41.327  INFO --- [   asgi_gw_0] localstack.request.aws     : AWS s3.GetObject => 404 (NoSuchKey)
2022-12-22T23:41:41.826  INFO --- [   asgi_gw_1] localstack.request.aws     : AWS s3.GetObject => 404 (NoSuchKey)
2022-12-22T23:41:42.329  INFO --- [   asgi_gw_0] localstack.request.aws     : AWS s3.GetObject => 404 (NoSuchKey)
2022-12-22T23:41:42.834  INFO --- [   asgi_gw_1] localstack.request.aws     : AWS s3.GetObject => 404 (NoSuchKey)
2022-12-22T23:41:43.341  INFO --- [   asgi_gw_0] localstack.request.aws     : AWS s3.GetObject => 404 (NoSuchKey)
2022-12-22T23:41:54.041  INFO --- [   asgi_gw_1] localstack.request.http    : GET / => 200
2022-12-22T23:42:24.164  INFO --- [   asgi_gw_0] localstack.request.http    : GET / => 200
2022-12-22T23:42:54.305  INFO --- [   asgi_gw_1] localstack.request.http    : GET / => 200
2022-12-22T23:43:24.547  INFO --- [   asgi_gw_0] localstack.request.http    : GET / => 200
2022-12-22T23:43:54.760  INFO --- [   asgi_gw_1] localstack.request.http    : GET / => 200
2022-12-22T23:44:24.932  INFO --- [   asgi_gw_0] localstack.request.http    : GET / => 200
2022-12-22T23:44:55.125  INFO --- [   asgi_gw_1] localstack.request.http    : GET / => 200
2022-12-22T23:45:25.364  INFO --- [   asgi_gw_0] localstack.request.http    : GET / => 200
2022-12-22T23:45:55.577  INFO --- [   asgi_gw_1] localstack.request.http    : GET / => 200
2022-12-22T23:46:25.732  INFO --- [   asgi_gw_0] localstack.request.http    : GET / => 200
2022-12-22T23:46:55.975  INFO --- [   asgi_gw_1] localstack.request.http    : GET / => 200
2022-12-22T23:47:26.362  INFO --- [   asgi_gw_0] localstack.request.http    : GET / => 200
2022-12-22T23:47:47.221  INFO --- [   asgi_gw_1] localstack.request.aws     : AWS s3.GetBucketAcl => 200
2022-12-22T23:47:49.220  INFO --- [   asgi_gw_0] localstack.request.aws     : AWS s3.GetBucketAcl => 200
2022-12-22T23:47:56.835  INFO --- [   asgi_gw_1] localstack.request.http    : GET / => 200
2022-12-22T23:48:27.003  INFO --- [   asgi_gw_0] localstack.request.http    : GET / => 200
2022-12-22T23:48:57.140  INFO --- [   asgi_gw_1] localstack.request.http    : GET / => 200
2022-12-22T23:49:27.240  INFO --- [   asgi_gw_0] localstack.request.http    : GET / => 200
2022-12-22T23:49:46.843  INFO --- [   asgi_gw_1] localstack.request.aws     : AWS s3.GetObject => 404 (NoSuchKey)
2022-12-22T23:49:47.097  INFO --- [   asgi_gw_0] localstack.request.aws     : AWS s3.GetObject => 404 (NoSuchKey)
2022-12-22T23:49:47.595  INFO --- [   asgi_gw_1] localstack.request.aws     : AWS s3.GetObject => 404 (NoSuchKey)
2022-12-22T23:49:48.109  INFO --- [   asgi_gw_0] localstack.request.aws     : AWS s3.GetObject => 404 (NoSuchKey)
2022-12-22T23:49:48.601  INFO --- [   asgi_gw_1] localstack.request.aws     : AWS s3.GetObject => 404 (NoSuchKey)
2022-12-22T23:49:49.105  INFO --- [   asgi_gw_0] localstack.request.aws     : AWS s3.GetObject => 404 (NoSuchKey)
2022-12-22T23:49:49.607  INFO --- [   asgi_gw_1] localstack.request.aws     : AWS s3.GetObject => 404 (NoSuchKey)
2022-12-22T23:49:50.114  INFO --- [   asgi_gw_0] localstack.request.aws     : AWS s3.GetObject => 404 (NoSuchKey)
2022-12-22T23:49:50.609  INFO --- [   asgi_gw_1] localstack.request.aws     : AWS s3.GetObject => 404 (NoSuchKey)
2022-12-22T23:49:51.115  INFO --- [   asgi_gw_0] localstack.request.aws     : AWS s3.GetObject => 404 (NoSuchKey)
2022-12-22T23:49:57.359  INFO --- [   asgi_gw_1] localstack.request.http    : GET / => 200
2022-12-22T23:50:27.495  INFO --- [   asgi_gw_0] localstack.request.http    : GET / => 200
2022-12-22T23:50:43.368  INFO --- [   asgi_gw_1] localstack.request.aws     : AWS s3.ListObjects => 200
2022-12-22T23:50:43.867  INFO --- [   asgi_gw_0] localstack.request.aws     : AWS s3.PutObject => 200
2022-12-22T23:50:44.266  INFO --- [   asgi_gw_1] localstack.request.aws     : AWS s3.GetObject => 200
2022-12-22T23:50:45.151  INFO --- [   asgi_gw_0] localstack.request.aws     : AWS s3.GetObject => 200
2022-12-22T23:50:45.263  INFO --- [   asgi_gw_1] localstack.request.aws     : AWS s3.ListObjects => 200
2022-12-22T23:50:45.487  INFO --- [   asgi_gw_0] localstack.request.aws     : AWS s3.PutObject => 200
2022-12-22T23:50:45.562  INFO --- [   asgi_gw_1] localstack.request.aws     : AWS s3.DeleteObject => 204
2022-12-22T23:50:57.679  INFO --- [   asgi_gw_0] localstack.request.http    : GET / => 200
2022-12-22T23:51:19.305  INFO --- [   asgi_gw_1] localstack.request.aws     : AWS s3.DeleteObject => 204
2022-12-22T23:51:27.798  INFO --- [   asgi_gw_0] localstack.request.http    : GET / => 200
2022-12-22T23:51:57.901  INFO --- [   asgi_gw_1] localstack.request.http    : GET / => 200
2022-12-22T23:52:01.703  INFO --- [   asgi_gw_0] localstack.request.aws     : AWS s3.GetBucketAcl => 404 (NoSuchBucket)
2022-12-22T23:52:01.871  INFO --- [   asgi_gw_1] localstack.request.aws     : AWS s3.CreateBucket => 200
2022-12-22T23:52:17.965  INFO --- [   asgi_gw_0] localstack.request.aws     : AWS s3.ListObjects => 200
2022-12-22T23:52:17.985  INFO --- [   asgi_gw_1] localstack.request.aws     : AWS s3.ListObjects => 200
2022-12-22T23:52:18.005  INFO --- [   asgi_gw_0] localstack.request.aws     : AWS s3.ListObjects => 200
2022-12-22T23:52:18.074  INFO --- [   asgi_gw_1] localstack.request.aws     : AWS s3.DeleteBucket => 204
2022-12-22T23:52:18.106  INFO --- [   asgi_gw_0] localstack.request.aws     : AWS s3.DeleteBucket => 204
2022-12-22T23:52:18.136  INFO --- [   asgi_gw_1] localstack.request.aws     : AWS s3.DeleteBucket => 204
2022-12-22T23:52:28.057  INFO --- [   asgi_gw_0] localstack.request.http    : GET / => 200
